Removed Member From Class: ClassName=LED3 Member=D1
Change Component Designator: OldDesignator=D1 NewDesignator=D1_LED0
Change Component Designator: OldDesignator=D1 NewDesignator=D1_LED1
Change Component Designator: OldDesignator=D1 NewDesignator=D1_LED2
Change Component Designator: OldDesignator=D1 NewDesignator=D1_LED3
Change Component Designator: OldDesignator=R2 NewDesignator=R2_LED0
Change Component Designator: OldDesignator=R2 NewDesignator=R2_LED1
Change Component Designator: OldDesignator=R2 NewDesignator=R2_LED2
Change Component Designator: OldDesignator=R2 NewDesignator=R2_LED3
Added Pin To Net: NetName=NetC11_2 Pin=C12-2
Added Pin To Net: NetName=NetC11_2 Pin=U2-3
Change Net Name : Old Net Name=NetC11_2 New Net Name=V5
Added Member To Class: ClassName=LED0 Member=Component D1_LED0 (D1) Green LED
Added Member To Class: ClassName=LED1 Member=Component D1_LED1 (D1) Green LED
Added Member To Class: ClassName=LED2 Member=Component D1_LED2 (D1) Green LED
Added Member To Class: ClassName=LED3 Member=Component D1_LED3 (D1) Green LED
Added Member To Class: ClassName=LED0 Member=Component R2_LED0 (R2) 330?
Added Member To Class: ClassName=LED1 Member=Component R2_LED1 (R2) 330?
Added Member To Class: ClassName=LED2 Member=Component R2_LED2 (R2) 330?
Added Member To Class: ClassName=LED3 Member=Component R2_LED3 (R2) 330?
