Removed Member From Class: ClassName=LED1 Member=D1
Removed Member From Class: ClassName=LED2 Member=D1
Removed Member From Class: ClassName=LED3 Member=D1
Removed Member From Class: ClassName=LED1 Member=R2
Removed Member From Class: ClassName=LED2 Member=R2
Removed Member From Class: ClassName=LED3 Member=R2
Change Component Designator: OldDesignator=D1 NewDesignator=D1_LED0
Change Component Designator: OldDesignator=D1 NewDesignator=D1_LED1
Change Component Designator: OldDesignator=D1 NewDesignator=D1_LED2
Change Component Designator: OldDesignator=D1 NewDesignator=D1_LED3
Change Component Designator: OldDesignator=R2 NewDesignator=R2_LED0
Change Component Designator: OldDesignator=R2 NewDesignator=R2_LED1
Change Component Designator: OldDesignator=R2 NewDesignator=R2_LED2
Change Component Designator: OldDesignator=R2 NewDesignator=R2_LED3
Added Member To Class: ClassName=LED1 Member=Component D1_LED1 (D1) Green LED
Added Member To Class: ClassName=LED2 Member=Component D1_LED2 (D1) Green LED
Added Member To Class: ClassName=LED3 Member=Component D1_LED3 (D1) Green LED
Added Member To Class: ClassName=PIC Member=Component J1 Program / Debug
Added Member To Class: ClassName=LED1 Member=Component R2_LED1 (R2) 330?
Added Member To Class: ClassName=LED2 Member=Component R2_LED2 (R2) 330?
Added Member To Class: ClassName=LED3 Member=Component R2_LED3 (R2) 330?
Added Member To Class: ClassName=PIC Member=Component U1 PIC32MX764F128H-I/PT
