Added Parameter Fabricant= to Part C11
Added Parameter Fabricant= to Part C12
Added Parameter Fabricant= to Part C13
Added Parameter Fabricant= to Part C14
Added Parameter Fabricant= to Part C15
Added Parameter Fabricant= to Part D2
Added Parameter Fabricant= to Part D3
Added Parameter Fabricant= to Part D4
Added Parameter Fabricant= to Part FB1
Added Parameter Fabricant= to Part P1
Added Parameter Fabricant= to Part P2
Added Parameter Fabricant= to Part R4
Added Parameter Fournisseur= to Part C11
Added Parameter Fournisseur= to Part C12
Added Parameter Fournisseur= to Part C13
Added Parameter Fournisseur= to Part C14
Added Parameter Fournisseur= to Part C15
Added Parameter Fournisseur= to Part D2
Added Parameter Fournisseur= to Part D3
Added Parameter Fournisseur= to Part D4
Added Parameter Fournisseur= to Part FB1
Added Parameter Fournisseur= to Part P1
Added Parameter Fournisseur= to Part P2
Added Parameter Fournisseur= to Part R4
Added Parameter RefFabricant= to Part C11
Added Parameter RefFabricant= to Part C12
Added Parameter RefFabricant= to Part C13
Added Parameter RefFabricant= to Part C14
Added Parameter RefFabricant= to Part C15
Added Parameter RefFabricant= to Part D2
Added Parameter RefFabricant= to Part D3
Added Parameter RefFabricant= to Part D4
Added Parameter RefFabricant= to Part FB1
Added Parameter RefFabricant= to Part P1
Added Parameter RefFabricant= to Part P2
Added Parameter RefFabricant= to Part R4
Added Parameter RefFournisseur= to Part C11
Added Parameter RefFournisseur= to Part C12
Added Parameter RefFournisseur= to Part C13
Added Parameter RefFournisseur= to Part C14
Added Parameter RefFournisseur= to Part C15
Added Parameter RefFournisseur= to Part D2
Added Parameter RefFournisseur= to Part D3
Added Parameter RefFournisseur= to Part D4
Added Parameter RefFournisseur= to Part FB1
Added Parameter RefFournisseur= to Part P1
Added Parameter RefFournisseur= to Part P2
Added Parameter RefFournisseur= to Part R4
