Added Parameter Fabricant= to Part C1
Added Parameter Fabricant= to Part C2
Added Parameter Fabricant= to Part C3
Added Parameter Fabricant= to Part C4
Added Parameter Fabricant= to Part C5
Added Parameter Fabricant= to Part C6
Added Parameter Fabricant= to Part C7
Added Parameter Fabricant= to Part C8
Added Parameter Fabricant= to Part C9
Added Parameter Fabricant= to Part C10
Added Parameter Fabricant= to Part R3
Added Parameter RefFabricant= to Part C1
Added Parameter RefFabricant= to Part C2
Added Parameter RefFabricant= to Part C3
Added Parameter RefFabricant= to Part C4
Added Parameter RefFabricant= to Part C5
Added Parameter RefFabricant= to Part C6
Added Parameter RefFabricant= to Part C7
Added Parameter RefFabricant= to Part C8
Added Parameter RefFabricant= to Part C9
Added Parameter RefFabricant= to Part C10
Added Parameter RefFabricant= to Part R3
Added Parameter RefFournisseur= to Part C1
Added Parameter RefFournisseur= to Part C2
Added Parameter RefFournisseur= to Part C3
Added Parameter RefFournisseur= to Part C4
Added Parameter RefFournisseur= to Part C5
Added Parameter RefFournisseur= to Part C6
Added Parameter RefFournisseur= to Part C7
Added Parameter RefFournisseur= to Part C8
Added Parameter RefFournisseur= to Part C9
Added Parameter RefFournisseur= to Part C10
Added Parameter RefFournisseur= to Part R3
