Added Pin To Net: NetName=VSS Pin=C1-2
Added Pin To Net: NetName=VSS Pin=C2-2
Added Pin To Net: NetName=VSS Pin=C3-2
Added Pin To Net: NetName=VSS Pin=C4-1
Added Pin To Net: NetName=VSS Pin=C5-1
Added Pin To Net: NetName=VSS Pin=C6-1
Added Pin To Net: NetName=VSS Pin=C7-2
Added Pin To Net: NetName=VSS Pin=C8-1
Added Pin To Net: NetName=VSS Pin=C9-1
Added Pin To Net: NetName=VSS Pin=C11-1
Added Pin To Net: NetName=VSS Pin=C12-1
Added Pin To Net: NetName=VSS Pin=J1-3
Added Pin To Net: NetName=VSS Pin=J2-2
Added Pin To Net: NetName=VSS Pin=J2-3
Added Pin To Net: NetName=VSS Pin=P1-1
Added Pin To Net: NetName=VSS Pin=P1-5
Added Pin To Net: NetName=VSS Pin=P1-16
Added Pin To Net: NetName=VSS Pin=P2-4
Added Pin To Net: NetName=VSS Pin=P3-2
Added Pin To Net: NetName=VSS Pin=R1-2
Added Pin To Net: NetName=VSS Pin=R2-1
Added Pin To Net: NetName=VSS Pin=R3-1
Added Pin To Net: NetName=VSS Pin=R5-1
Added Pin To Net: NetName=VSS Pin=R6-1
Added Pin To Net: NetName=VSS Pin=R7-3
Added Pin To Net: NetName=VSS Pin=R9-1
Added Pin To Net: NetName=VSS Pin=U1-6
Added Pin To Net: NetName=VSS Pin=U1-16
Added Pin To Net: NetName=VSS Pin=U1-29
Added Pin To Net: NetName=VSS Pin=U1-39
Added Pin To Net: NetName=VSS Pin=U6-2
Change Net Name : Old Net Name=VSS New Net Name=GND
