Added Component: Designator=C1(RAD-0.3)
Added Component: Designator=C2(RAD-0.3)
Added Component: Designator=C3(RAD-0.3)
Added Component: Designator=C4(RAD-0.3)
Added Component: Designator=C5(RAD-0.3)
Added Component: Designator=C6(RAD-0.3)
Added Component: Designator=C7(RAD-0.3)
Added Component: Designator=C8(RAD-0.3)
Added Component: Designator=C9(RAD-0.3)
Added Component: Designator=C10(RAD-0.3)
Added Component: Designator=C11(RAD-0.3)
Added Component: Designator=C12(RAD-0.3)
Added Component: Designator=C13(RAD-0.3)
Added Component: Designator=S1(SPST-2)
Added Component: Designator=S2(SPST-2)
Added Component: Designator=U2(MC42004A6W-BNMLW)
Added Component: Designator=U3(WS2812b)
Added Component: Designator=U4(WS2812b)
Added Component: Designator=U5(WS2812b)
Added Component: Designator=U6(WS2812b)
Added Component: Designator=Y1(R38)
Added Component: Designator=Y2(R38)
Added Pin To Net: NetName=OSCI Pin=C1-1
Added Pin To Net: NetName=GND Pin=C1-2
Added Pin To Net: NetName=OSCO Pin=C2-1
Added Pin To Net: NetName=GND Pin=C2-2
Added Pin To Net: NetName=SOSCI Pin=C3-1
Added Pin To Net: NetName=GND Pin=C3-2
Added Pin To Net: NetName=GND Pin=C4-1
Added Pin To Net: NetName=V3P3 Pin=C4-2
Added Pin To Net: NetName=GND Pin=C5-1
Added Pin To Net: NetName=V3P3 Pin=C5-2
Added Pin To Net: NetName=GND Pin=C6-1
Added Pin To Net: NetName=V3P3A Pin=C6-2
Added Pin To Net: NetName=SOSCO Pin=C7-1
Added Pin To Net: NetName=GND Pin=C7-2
Added Pin To Net: NetName=VSS Pin=C8-1
Added Pin To Net: NetName=VSS Pin=C9-1
Added Pin To Net: NetName=VSS Pin=C10-1
Added Pin To Net: NetName=5V Pin=C10-2
Added Pin To Net: NetName=VSS Pin=C11-1
Added Pin To Net: NetName=5V Pin=C11-2
Added Pin To Net: NetName=VSS Pin=C12-1
Added Pin To Net: NetName=5V Pin=C12-2
Added Pin To Net: NetName=VSS Pin=C13-1
Added Pin To Net: NetName=5V Pin=C13-2
Added Pin To Net: NetName=INT1 Pin=S1-1
Added Pin To Net: NetName=V3P3 Pin=S1-2
Added Pin To Net: NetName=INT2 Pin=S2-1
Added Pin To Net: NetName=V3P3 Pin=S2-2
Added Pin To Net: NetName=GND Pin=U2-1
Added Pin To Net: NetName=V5 Pin=U2-2
Added Pin To Net: NetName=NetR1_2 Pin=U2-3
Added Pin To Net: NetName=RS Pin=U2-4
Added Pin To Net: NetName=GND Pin=U2-5
Added Pin To Net: NetName=E Pin=U2-6
Added Pin To Net: NetName=D0 Pin=U2-7
Added Pin To Net: NetName=D1 Pin=U2-8
Added Pin To Net: NetName=D2 Pin=U2-9
Added Pin To Net: NetName=D3 Pin=U2-10
Added Pin To Net: NetName=D4 Pin=U2-11
Added Pin To Net: NetName=D5 Pin=U2-12
Added Pin To Net: NetName=D6 Pin=U2-13
Added Pin To Net: NetName=D7 Pin=U2-14
Added Pin To Net: NetName=LED+ Pin=U2-15
Added Pin To Net: NetName=GND Pin=U2-16
Added Pin To Net: NetName=5V Pin=U3-1
Added Pin To Net: NetName=NetU3_2 Pin=U3-2
Added Pin To Net: NetName=VSS Pin=U3-3
Added Pin To Net: NetName=5V Pin=U4-1
Added Pin To Net: NetName=NetU4_2 Pin=U4-2
Added Pin To Net: NetName=VSS Pin=U4-3
Added Pin To Net: NetName=NetU3_2 Pin=U4-4
Added Pin To Net: NetName=5V Pin=U5-1
Added Pin To Net: NetName=VSS Pin=U5-3
Added Pin To Net: NetName=NetU4_2 Pin=U5-4
Added Pin To Net: NetName=5V Pin=U6-1
Added Pin To Net: NetName=VSS Pin=U6-3
Added Pin To Net: NetName=OSCO Pin=Y1-1
Added Pin To Net: NetName=OSCI Pin=Y1-2
Added Pin To Net: NetName=SOSCO Pin=Y2-1
Added Pin To Net: NetName=SOSCI Pin=Y2-2
Added Pin To Net: NetName=NetC8_2 Pin=C8-2
Added Pin To Net: NetName=NetC8_2 Pin=C9-2
Added Net: Name=NetC8_2
Added Net: Name=NetLDR1_2
Added Net: Name=NetU1_1
Added Net: Name=NetU1_19
Added Pin To Net: NetName=NetU1_41 Pin=U3-4
Added Net: Name=NetU1_41
Added Net: Name=NetU1_42
Added Net: Name=NetU1_44
Added Pin To Net: NetName=NetU5_2 Pin=U5-2
Added Pin To Net: NetName=NetU5_2 Pin=U6-4
Added Net: Name=NetU5_2
Added Class: Name=BLUETOOTH
Added Member To Class: ClassName=RainbowClock Member=Component C1 Cap
Added Member To Class: ClassName=RainbowClock Member=Component C2 Cap
Added Member To Class: ClassName=RainbowClock Member=Component C3 Cap
Added Member To Class: ClassName=RainbowClock Member=Component C4 Cap
Added Member To Class: ClassName=RainbowClock Member=Component C5 Cap
Added Member To Class: ClassName=RainbowClock Member=Component C6 Cap
Added Member To Class: ClassName=RainbowClock Member=Component C7 Cap
Added Member To Class: ClassName=RainbowClock Member=Component C8 Cap
Added Member To Class: ClassName=RainbowClock Member=Component C9 Cap
Added Member To Class: ClassName=NEOPIXEL Member=Component C10 Cap
Added Member To Class: ClassName=NEOPIXEL Member=Component C11 Cap
Added Member To Class: ClassName=NEOPIXEL Member=Component C12 Cap
Added Member To Class: ClassName=NEOPIXEL Member=Component C13 Cap
Added Member To Class: ClassName=RainbowClock Member=Component S1 SW-PB
Added Member To Class: ClassName=RainbowClock Member=Component S2 SW-PB
Added Member To Class: ClassName=LCD Member=Component U2 MC42003A6W-BNMLW
Added Member To Class: ClassName=NEOPIXEL Member=Component U3 WS2012B
Added Member To Class: ClassName=NEOPIXEL Member=Component U4 WS2012B
Added Member To Class: ClassName=NEOPIXEL Member=Component U5 WS2012B
Added Member To Class: ClassName=NEOPIXEL Member=Component U6 WS2012B
Added Member To Class: ClassName=RainbowClock Member=Component Y1 8MHz
Added Member To Class: ClassName=RainbowClock Member=Component Y2 32kHz
Added Room: Name=BLUETOOTH
Added Room: Name=LCD
Added Room: Name=NEOPIXEL
Added Room: Name=RainbowClock
Added Room: Name=TEMPERATURE
