Added Component: Designator=C1(CAP0603)
Added Component: Designator=C2(CAP0603)
Added Component: Designator=C3(CAP0603)
Added Component: Designator=C4(CAP0603)
Added Component: Designator=C5(CAP0603)
Added Component: Designator=C6(CAP0603)
Added Component: Designator=C7(CAP0603)
Added Component: Designator=C8(CAP0603)
Added Component: Designator=C9(CAP0603)
Added Component: Designator=C10_NeoPixel1(CAP0603)
Added Component: Designator=C10_NeoPixel2(CAP0603)
Added Component: Designator=C10_NeoPixel3(CAP0603)
Added Component: Designator=C10_NeoPixel4(CAP0603)
Added Component: Designator=C10_NeoPixel5(CAP0603)
Added Component: Designator=C10_NeoPixel6(CAP0603)
Added Component: Designator=C10_NeoPixel7(CAP0603)
Added Component: Designator=C10_NeoPixel8(CAP0603)
Added Component: Designator=C10_NeoPixel9(CAP0603)
Added Component: Designator=C10_NeoPixel10(CAP0603)
Added Component: Designator=C10_NeoPixel11(CAP0603)
Added Component: Designator=C10_NeoPixel12(CAP0603)
Added Component: Designator=C10_NeoPixel13(CAP0603)
Added Component: Designator=C10_NeoPixel14(CAP0603)
Added Component: Designator=C10_NeoPixel15(CAP0603)
Added Component: Designator=C10_NeoPixel16(CAP0603)
Added Component: Designator=C10_NeoPixel17(CAP0603)
Added Component: Designator=C10_NeoPixel18(CAP0603)
Added Component: Designator=C10_NeoPixel19(CAP0603)
Added Component: Designator=C10_NeoPixel20(CAP0603)
Added Component: Designator=C10_NeoPixel21(CAP0603)
Added Component: Designator=C10_NeoPixel22(CAP0603)
Added Component: Designator=C10_NeoPixel23(CAP0603)
Added Component: Designator=C10_NeoPixel24(CAP0603)
Added Component: Designator=C10_NeoPixel25(CAP0603)
Added Component: Designator=C10_NeoPixel26(CAP0603)
Added Component: Designator=C10_NeoPixel27(CAP0603)
Added Component: Designator=C10_NeoPixel28(CAP0603)
Added Component: Designator=C10_NeoPixel29(CAP0603)
Added Component: Designator=C10_NeoPixel30(CAP0603)
Added Component: Designator=C10_NeoPixel31(CAP0603)
Added Component: Designator=C10_NeoPixel32(CAP0603)
Added Component: Designator=C10_NeoPixel33(CAP0603)
Added Component: Designator=C10_NeoPixel34(CAP0603)
Added Component: Designator=C10_NeoPixel35(CAP0603)
Added Component: Designator=C10_NeoPixel36(CAP0603)
Added Component: Designator=C10_NeoPixel37(CAP0603)
Added Component: Designator=C10_NeoPixel38(CAP0603)
Added Component: Designator=C10_NeoPixel39(CAP0603)
Added Component: Designator=C10_NeoPixel40(CAP0603)
Added Component: Designator=C10_NeoPixel41(CAP0603)
Added Component: Designator=C10_NeoPixel42(CAP0603)
Added Component: Designator=C10_NeoPixel43(CAP0603)
Added Component: Designator=C10_NeoPixel44(CAP0603)
Added Component: Designator=C10_NeoPixel45(CAP0603)
Added Component: Designator=C10_NeoPixel46(CAP0603)
Added Component: Designator=C10_NeoPixel47(CAP0603)
Added Component: Designator=C10_NeoPixel48(CAP0603)
Added Component: Designator=C10_NeoPixel49(CAP0603)
Added Component: Designator=C10_NeoPixel50(CAP0603)
Added Component: Designator=C10_NeoPixel51(CAP0603)
Added Component: Designator=C10_NeoPixel52(CAP0603)
Added Component: Designator=C10_NeoPixel53(CAP0603)
Added Component: Designator=C10_NeoPixel54(CAP0603)
Added Component: Designator=C10_NeoPixel55(CAP0603)
Added Component: Designator=C10_NeoPixel56(CAP0603)
Added Component: Designator=C10_NeoPixel57(CAP0603)
Added Component: Designator=C10_NeoPixel58(CAP0603)
Added Component: Designator=C10_NeoPixel59(CAP0603)
Added Component: Designator=C10_NeoPixel60(CAP0603)
Added Component: Designator=C11(0603)
Added Component: Designator=C12(0603)
Added Component: Designator=J2(MJ-179PH)
Added Component: Designator=L1(0603)
Added Component: Designator=LDR1(VT935G)
Added Component: Designator=P1(MC42004A6W-BNMLW)
Added Component: Designator=P2(Header 6)
Added Component: Designator=P3(Header 6)
Added Component: Designator=R1(RES0603)
Added Component: Designator=R2(RES0603)
Added Component: Designator=R3(3306P-1-202)
Added Component: Designator=R4(RES0603)
Added Component: Designator=R5(RES0603)
Added Component: Designator=R6(RES0603)
Added Component: Designator=R7(3306P-1-202)
Added Component: Designator=R8(RES0603)
Added Component: Designator=R9(RES0603)
Added Component: Designator=S1(EC11B152420G-STEC11B01)
Added Component: Designator=S2(1-1825027-4)
Added Component: Designator=S3(1-1825027-4)
Added Component: Designator=U1(PIC32MX110F016H-I/PT)
Added Component: Designator=U3_NeoPixel1(WS2812b)
Added Component: Designator=U3_NeoPixel2(WS2812b)
Added Component: Designator=U3_NeoPixel3(WS2812b)
Added Component: Designator=U3_NeoPixel4(WS2812b)
Added Component: Designator=U3_NeoPixel5(WS2812b)
Added Component: Designator=U3_NeoPixel6(WS2812b)
Added Component: Designator=U3_NeoPixel7(WS2812b)
Added Component: Designator=U3_NeoPixel8(WS2812b)
Added Component: Designator=U3_NeoPixel9(WS2812b)
Added Component: Designator=U3_NeoPixel10(WS2812b)
Added Component: Designator=U3_NeoPixel11(WS2812b)
Added Component: Designator=U3_NeoPixel12(WS2812b)
Added Component: Designator=U3_NeoPixel13(WS2812b)
Added Component: Designator=U3_NeoPixel14(WS2812b)
Added Component: Designator=U3_NeoPixel15(WS2812b)
Added Component: Designator=U3_NeoPixel16(WS2812b)
Added Component: Designator=U3_NeoPixel17(WS2812b)
Added Component: Designator=U3_NeoPixel18(WS2812b)
Added Component: Designator=U3_NeoPixel19(WS2812b)
Added Component: Designator=U3_NeoPixel20(WS2812b)
Added Component: Designator=U3_NeoPixel21(WS2812b)
Added Component: Designator=U3_NeoPixel22(WS2812b)
Added Component: Designator=U3_NeoPixel23(WS2812b)
Added Component: Designator=U3_NeoPixel24(WS2812b)
Added Component: Designator=U3_NeoPixel25(WS2812b)
Added Component: Designator=U3_NeoPixel26(WS2812b)
Added Component: Designator=U3_NeoPixel27(WS2812b)
Added Component: Designator=U3_NeoPixel28(WS2812b)
Added Component: Designator=U3_NeoPixel29(WS2812b)
Added Component: Designator=U3_NeoPixel30(WS2812b)
Added Component: Designator=U3_NeoPixel31(WS2812b)
Added Component: Designator=U3_NeoPixel32(WS2812b)
Added Component: Designator=U3_NeoPixel33(WS2812b)
Added Component: Designator=U3_NeoPixel34(WS2812b)
Added Component: Designator=U3_NeoPixel35(WS2812b)
Added Component: Designator=U3_NeoPixel36(WS2812b)
Added Component: Designator=U3_NeoPixel37(WS2812b)
Added Component: Designator=U3_NeoPixel38(WS2812b)
Added Component: Designator=U3_NeoPixel39(WS2812b)
Added Component: Designator=U3_NeoPixel40(WS2812b)
Added Component: Designator=U3_NeoPixel41(WS2812b)
Added Component: Designator=U3_NeoPixel42(WS2812b)
Added Component: Designator=U3_NeoPixel43(WS2812b)
Added Component: Designator=U3_NeoPixel44(WS2812b)
Added Component: Designator=U3_NeoPixel45(WS2812b)
Added Component: Designator=U3_NeoPixel46(WS2812b)
Added Component: Designator=U3_NeoPixel47(WS2812b)
Added Component: Designator=U3_NeoPixel48(WS2812b)
Added Component: Designator=U3_NeoPixel49(WS2812b)
Added Component: Designator=U3_NeoPixel50(WS2812b)
Added Component: Designator=U3_NeoPixel51(WS2812b)
Added Component: Designator=U3_NeoPixel52(WS2812b)
Added Component: Designator=U3_NeoPixel53(WS2812b)
Added Component: Designator=U3_NeoPixel54(WS2812b)
Added Component: Designator=U3_NeoPixel55(WS2812b)
Added Component: Designator=U3_NeoPixel56(WS2812b)
Added Component: Designator=U3_NeoPixel57(WS2812b)
Added Component: Designator=U3_NeoPixel58(WS2812b)
Added Component: Designator=U3_NeoPixel59(WS2812b)
Added Component: Designator=U3_NeoPixel60(WS2812b)
Added Component: Designator=U6(TS2940CP-3.3 C5)
Added Component: Designator=Y1(FOXSLF/080-20)
Added Component: Designator=Y2(NCL38LF)
Added Pin To Net: NetName=OSCI Pin=C1-1
Added Pin To Net: NetName=GND Pin=C1-2
Added Pin To Net: NetName=OSCO Pin=C2-1
Added Pin To Net: NetName=GND Pin=C2-2
Added Pin To Net: NetName=SOSCI Pin=C3-1
Added Pin To Net: NetName=GND Pin=C3-2
Added Pin To Net: NetName=GND Pin=C4-1
Added Pin To Net: NetName=V3P3 Pin=C4-2
Added Pin To Net: NetName=GND Pin=C5-1
Added Pin To Net: NetName=V3P3 Pin=C5-2
Added Pin To Net: NetName=GND Pin=C6-1
Added Pin To Net: NetName=V3P3A Pin=C6-2
Added Pin To Net: NetName=SOSCO Pin=C7-1
Added Pin To Net: NetName=GND Pin=C7-2
Added Pin To Net: NetName=VSS Pin=C8-1
Added Pin To Net: NetName=NetC8_2 Pin=C8-2
Added Pin To Net: NetName=VSS Pin=C9-1
Added Pin To Net: NetName=NetC8_2 Pin=C9-2
Added Pin To Net: NetName=VSS Pin=C10_NeoPixel1-1
Added Pin To Net: NetName=5V Pin=C10_NeoPixel1-2
Added Pin To Net: NetName=VSS Pin=C10_NeoPixel2-1
Added Pin To Net: NetName=5V Pin=C10_NeoPixel2-2
Added Pin To Net: NetName=VSS Pin=C10_NeoPixel3-1
Added Pin To Net: NetName=5V Pin=C10_NeoPixel3-2
Added Pin To Net: NetName=VSS Pin=C10_NeoPixel4-1
Added Pin To Net: NetName=5V Pin=C10_NeoPixel4-2
Added Pin To Net: NetName=VSS Pin=C10_NeoPixel5-1
Added Pin To Net: NetName=5V Pin=C10_NeoPixel5-2
Added Pin To Net: NetName=VSS Pin=C10_NeoPixel6-1
Added Pin To Net: NetName=5V Pin=C10_NeoPixel6-2
Added Pin To Net: NetName=VSS Pin=C10_NeoPixel7-1
Added Pin To Net: NetName=5V Pin=C10_NeoPixel7-2
Added Pin To Net: NetName=VSS Pin=C10_NeoPixel8-1
Added Pin To Net: NetName=5V Pin=C10_NeoPixel8-2
Added Pin To Net: NetName=VSS Pin=C10_NeoPixel9-1
Added Pin To Net: NetName=5V Pin=C10_NeoPixel9-2
Added Pin To Net: NetName=VSS Pin=C10_NeoPixel10-1
Added Pin To Net: NetName=5V Pin=C10_NeoPixel10-2
Added Pin To Net: NetName=VSS Pin=C10_NeoPixel11-1
Added Pin To Net: NetName=5V Pin=C10_NeoPixel11-2
Added Pin To Net: NetName=VSS Pin=C10_NeoPixel12-1
Added Pin To Net: NetName=5V Pin=C10_NeoPixel12-2
Added Pin To Net: NetName=VSS Pin=C10_NeoPixel13-1
Added Pin To Net: NetName=5V Pin=C10_NeoPixel13-2
Added Pin To Net: NetName=VSS Pin=C10_NeoPixel14-1
Added Pin To Net: NetName=5V Pin=C10_NeoPixel14-2
Added Pin To Net: NetName=VSS Pin=C10_NeoPixel15-1
Added Pin To Net: NetName=5V Pin=C10_NeoPixel15-2
Added Pin To Net: NetName=VSS Pin=C10_NeoPixel16-1
Added Pin To Net: NetName=5V Pin=C10_NeoPixel16-2
Added Pin To Net: NetName=VSS Pin=C10_NeoPixel17-1
Added Pin To Net: NetName=5V Pin=C10_NeoPixel17-2
Added Pin To Net: NetName=VSS Pin=C10_NeoPixel18-1
Added Pin To Net: NetName=5V Pin=C10_NeoPixel18-2
Added Pin To Net: NetName=VSS Pin=C10_NeoPixel19-1
Added Pin To Net: NetName=5V Pin=C10_NeoPixel19-2
Added Pin To Net: NetName=VSS Pin=C10_NeoPixel20-1
Added Pin To Net: NetName=5V Pin=C10_NeoPixel20-2
Added Pin To Net: NetName=VSS Pin=C10_NeoPixel21-1
Added Pin To Net: NetName=5V Pin=C10_NeoPixel21-2
Added Pin To Net: NetName=VSS Pin=C10_NeoPixel22-1
Added Pin To Net: NetName=5V Pin=C10_NeoPixel22-2
Added Pin To Net: NetName=VSS Pin=C10_NeoPixel23-1
Added Pin To Net: NetName=5V Pin=C10_NeoPixel23-2
Added Pin To Net: NetName=VSS Pin=C10_NeoPixel24-1
Added Pin To Net: NetName=5V Pin=C10_NeoPixel24-2
Added Pin To Net: NetName=VSS Pin=C10_NeoPixel25-1
Added Pin To Net: NetName=5V Pin=C10_NeoPixel25-2
Added Pin To Net: NetName=VSS Pin=C10_NeoPixel26-1
Added Pin To Net: NetName=5V Pin=C10_NeoPixel26-2
Added Pin To Net: NetName=VSS Pin=C10_NeoPixel27-1
Added Pin To Net: NetName=5V Pin=C10_NeoPixel27-2
Added Pin To Net: NetName=VSS Pin=C10_NeoPixel28-1
Added Pin To Net: NetName=5V Pin=C10_NeoPixel28-2
Added Pin To Net: NetName=VSS Pin=C10_NeoPixel29-1
Added Pin To Net: NetName=5V Pin=C10_NeoPixel29-2
Added Pin To Net: NetName=VSS Pin=C10_NeoPixel30-1
Added Pin To Net: NetName=5V Pin=C10_NeoPixel30-2
Added Pin To Net: NetName=VSS Pin=C10_NeoPixel31-1
Added Pin To Net: NetName=5V Pin=C10_NeoPixel31-2
Added Pin To Net: NetName=VSS Pin=C10_NeoPixel32-1
Added Pin To Net: NetName=5V Pin=C10_NeoPixel32-2
Added Pin To Net: NetName=VSS Pin=C10_NeoPixel33-1
Added Pin To Net: NetName=5V Pin=C10_NeoPixel33-2
Added Pin To Net: NetName=VSS Pin=C10_NeoPixel34-1
Added Pin To Net: NetName=5V Pin=C10_NeoPixel34-2
Added Pin To Net: NetName=VSS Pin=C10_NeoPixel35-1
Added Pin To Net: NetName=5V Pin=C10_NeoPixel35-2
Added Pin To Net: NetName=VSS Pin=C10_NeoPixel36-1
Added Pin To Net: NetName=5V Pin=C10_NeoPixel36-2
Added Pin To Net: NetName=VSS Pin=C10_NeoPixel37-1
Added Pin To Net: NetName=5V Pin=C10_NeoPixel37-2
Added Pin To Net: NetName=VSS Pin=C10_NeoPixel38-1
Added Pin To Net: NetName=5V Pin=C10_NeoPixel38-2
Added Pin To Net: NetName=VSS Pin=C10_NeoPixel39-1
Added Pin To Net: NetName=5V Pin=C10_NeoPixel39-2
Added Pin To Net: NetName=VSS Pin=C10_NeoPixel40-1
Added Pin To Net: NetName=5V Pin=C10_NeoPixel40-2
Added Pin To Net: NetName=VSS Pin=C10_NeoPixel41-1
Added Pin To Net: NetName=5V Pin=C10_NeoPixel41-2
Added Pin To Net: NetName=VSS Pin=C10_NeoPixel42-1
Added Pin To Net: NetName=5V Pin=C10_NeoPixel42-2
Added Pin To Net: NetName=VSS Pin=C10_NeoPixel43-1
Added Pin To Net: NetName=5V Pin=C10_NeoPixel43-2
Added Pin To Net: NetName=VSS Pin=C10_NeoPixel44-1
Added Pin To Net: NetName=5V Pin=C10_NeoPixel44-2
Added Pin To Net: NetName=VSS Pin=C10_NeoPixel45-1
Added Pin To Net: NetName=5V Pin=C10_NeoPixel45-2
Added Pin To Net: NetName=VSS Pin=C10_NeoPixel46-1
Added Pin To Net: NetName=5V Pin=C10_NeoPixel46-2
Added Pin To Net: NetName=VSS Pin=C10_NeoPixel47-1
Added Pin To Net: NetName=5V Pin=C10_NeoPixel47-2
Added Pin To Net: NetName=VSS Pin=C10_NeoPixel48-1
Added Pin To Net: NetName=5V Pin=C10_NeoPixel48-2
Added Pin To Net: NetName=VSS Pin=C10_NeoPixel49-1
Added Pin To Net: NetName=5V Pin=C10_NeoPixel49-2
Added Pin To Net: NetName=VSS Pin=C10_NeoPixel50-1
Added Pin To Net: NetName=5V Pin=C10_NeoPixel50-2
Added Pin To Net: NetName=VSS Pin=C10_NeoPixel51-1
Added Pin To Net: NetName=5V Pin=C10_NeoPixel51-2
Added Pin To Net: NetName=VSS Pin=C10_NeoPixel52-1
Added Pin To Net: NetName=5V Pin=C10_NeoPixel52-2
Added Pin To Net: NetName=VSS Pin=C10_NeoPixel53-1
Added Pin To Net: NetName=5V Pin=C10_NeoPixel53-2
Added Pin To Net: NetName=VSS Pin=C10_NeoPixel54-1
Added Pin To Net: NetName=5V Pin=C10_NeoPixel54-2
Added Pin To Net: NetName=VSS Pin=C10_NeoPixel55-1
Added Pin To Net: NetName=5V Pin=C10_NeoPixel55-2
Added Pin To Net: NetName=VSS Pin=C10_NeoPixel56-1
Added Pin To Net: NetName=5V Pin=C10_NeoPixel56-2
Added Pin To Net: NetName=VSS Pin=C10_NeoPixel57-1
Added Pin To Net: NetName=5V Pin=C10_NeoPixel57-2
Added Pin To Net: NetName=VSS Pin=C10_NeoPixel58-1
Added Pin To Net: NetName=5V Pin=C10_NeoPixel58-2
Added Pin To Net: NetName=VSS Pin=C10_NeoPixel59-1
Added Pin To Net: NetName=5V Pin=C10_NeoPixel59-2
Added Pin To Net: NetName=VSS Pin=C10_NeoPixel60-1
Added Pin To Net: NetName=5V Pin=C10_NeoPixel60-2
Added Pin To Net: NetName=GND Pin=C11-1
Added Pin To Net: NetName=5V Pin=C11-2
Added Pin To Net: NetName=GND Pin=C12-1
Added Pin To Net: NetName=V3P3 Pin=C12-2
Added Pin To Net: NetName=5V Pin=J2-1
Added Pin To Net: NetName=GND Pin=J2-2
Added Pin To Net: NetName=GND Pin=J2-3
Added Pin To Net: NetName=V3P3 Pin=L1-1
Added Pin To Net: NetName=V3P3A Pin=L1-2
Added Pin To Net: NetName=V3P3 Pin=LDR1-1
Added Pin To Net: NetName=NetLDR1_2 Pin=LDR1-2
Added Pin To Net: NetName=GND Pin=P1-1
Added Pin To Net: NetName=V5 Pin=P1-2
Added Pin To Net: NetName=V0 Pin=P1-3
Added Pin To Net: NetName=RS Pin=P1-4
Added Pin To Net: NetName=GND Pin=P1-5
Added Pin To Net: NetName=E Pin=P1-6
Added Pin To Net: NetName=D0 Pin=P1-7
Added Pin To Net: NetName=D1 Pin=P1-8
Added Pin To Net: NetName=D2 Pin=P1-9
Added Pin To Net: NetName=D3 Pin=P1-10
Added Pin To Net: NetName=D4 Pin=P1-11
Added Pin To Net: NetName=D5 Pin=P1-12
Added Pin To Net: NetName=D6 Pin=P1-13
Added Pin To Net: NetName=D7 Pin=P1-14
Added Pin To Net: NetName=LED+ Pin=P1-15
Added Pin To Net: NetName=GND Pin=P1-16
Added Pin To Net: NetName=RX Pin=P2-2
Added Pin To Net: NetName=TX Pin=P2-3
Added Pin To Net: NetName=GND Pin=P2-4
Added Pin To Net: NetName=V3P3 Pin=P2-5
Added Pin To Net: NetName=V3P3 Pin=P3-1
Added Pin To Net: NetName=GND Pin=P3-2
Added Pin To Net: NetName=SCL Pin=P3-3
Added Pin To Net: NetName=SDA Pin=P3-4
Added Pin To Net: NetName=CSB Pin=P3-5
Added Pin To Net: NetName=SDO Pin=P3-6
Added Pin To Net: NetName=INT0 Pin=R1-1
Added Pin To Net: NetName=GND Pin=R1-2
Added Pin To Net: NetName=GND Pin=R2-1
Added Pin To Net: NetName=INT3 Pin=R2-2
Added Pin To Net: NetName=GND Pin=R3-1
Added Pin To Net: NetName=NetLDR1_2 Pin=R3-2
Added Pin To Net: NetName=MCLR Pin=R4-1
Added Pin To Net: NetName=V3P3 Pin=R4-2
Added Pin To Net: NetName=GND Pin=R5-1
Added Pin To Net: NetName=INT1 Pin=R5-2
Added Pin To Net: NetName=GND Pin=R6-1
Added Pin To Net: NetName=INT2 Pin=R6-2
Added Pin To Net: NetName=V5 Pin=R7-1
Added Pin To Net: NetName=V0 Pin=R7-2
Added Pin To Net: NetName=GND Pin=R7-3
Added Pin To Net: NetName=V3P3 Pin=R8-1
Added Pin To Net: NetName=CSB Pin=R8-2
Added Pin To Net: NetName=GND Pin=R9-1
Added Pin To Net: NetName=SDO Pin=R9-2
Added Pin To Net: NetName=INT0 Pin=S1-1
Added Pin To Net: NetName=V3P3 Pin=S1-2
Added Pin To Net: NetName=INT3 Pin=S1-3
Added Pin To Net: NetName=V3P3 Pin=S2-1
Added Pin To Net: NetName=INT1 Pin=S2-2
Added Pin To Net: NetName=V3P3 Pin=S3-1
Added Pin To Net: NetName=INT2 Pin=S3-2
Added Pin To Net: NetName=SDA Pin=U1-1
Added Pin To Net: NetName=LED+ Pin=U1-3
Added Pin To Net: NetName=INT3 Pin=U1-4
Added Pin To Net: NetName=VSS Pin=U1-6
Added Pin To Net: NetName=NetC8_2 Pin=U1-7
Added Pin To Net: NetName=DB0 Pin=U1-8
Added Pin To Net: NetName=DB1 Pin=U1-9
Added Pin To Net: NetName=DB2 Pin=U1-10
Added Pin To Net: NetName=DB3 Pin=U1-11
Added Pin To Net: NetName=DB4 Pin=U1-14
Added Pin To Net: NetName=DB5 Pin=U1-15
Added Pin To Net: NetName=VSS Pin=U1-16
Added Pin To Net: NetName=V3P3A Pin=U1-17
Added Pin To Net: NetName=MCLR Pin=U1-18
Added Pin To Net: NetName=RX Pin=U1-19
Added Pin To Net: NetName=NetLDR1_2 Pin=U1-20
Added Pin To Net: NetName=PGED Pin=U1-21
Added Pin To Net: NetName=PGEC Pin=U1-22
Added Pin To Net: NetName=RS Pin=U1-23
Added Pin To Net: NetName=E Pin=U1-24
Added Pin To Net: NetName=DB6 Pin=U1-25
Added Pin To Net: NetName=DB7 Pin=U1-26
Added Pin To Net: NetName=INT1 Pin=U1-27
Added Pin To Net: NetName=V3P3 Pin=U1-28
Added Pin To Net: NetName=VSS Pin=U1-29
Added Pin To Net: NetName=OSCI Pin=U1-30
Added Pin To Net: NetName=OSCO Pin=U1-31
Added Pin To Net: NetName=SOSCI Pin=U1-33
Added Pin To Net: NetName=SOSCO Pin=U1-34
Added Pin To Net: NetName=INT2 Pin=U1-36
Added Pin To Net: NetName=DOUT Pin=U1-38
Added Pin To Net: NetName=VSS Pin=U1-39
Added Pin To Net: NetName=V3P3 Pin=U1-40
Added Pin To Net: NetName=PX1 Pin=U1-41
Added Pin To Net: NetName=TX Pin=U1-42
Added Pin To Net: NetName=INT0 Pin=U1-43
Added Pin To Net: NetName=SCL Pin=U1-44
Added Pin To Net: NetName=5V Pin=U3_NeoPixel1-1
Added Pin To Net: NetName=PX2 Pin=U3_NeoPixel1-2
Added Pin To Net: NetName=VSS Pin=U3_NeoPixel1-3
Added Pin To Net: NetName=PX1 Pin=U3_NeoPixel1-4
Added Pin To Net: NetName=5V Pin=U3_NeoPixel2-1
Added Pin To Net: NetName=PX3 Pin=U3_NeoPixel2-2
Added Pin To Net: NetName=VSS Pin=U3_NeoPixel2-3
Added Pin To Net: NetName=PX2 Pin=U3_NeoPixel2-4
Added Pin To Net: NetName=5V Pin=U3_NeoPixel3-1
Added Pin To Net: NetName=PX4 Pin=U3_NeoPixel3-2
Added Pin To Net: NetName=VSS Pin=U3_NeoPixel3-3
Added Pin To Net: NetName=PX3 Pin=U3_NeoPixel3-4
Added Pin To Net: NetName=5V Pin=U3_NeoPixel4-1
Added Pin To Net: NetName=PX5 Pin=U3_NeoPixel4-2
Added Pin To Net: NetName=VSS Pin=U3_NeoPixel4-3
Added Pin To Net: NetName=PX4 Pin=U3_NeoPixel4-4
Added Pin To Net: NetName=5V Pin=U3_NeoPixel5-1
Added Pin To Net: NetName=PX6 Pin=U3_NeoPixel5-2
Added Pin To Net: NetName=VSS Pin=U3_NeoPixel5-3
Added Pin To Net: NetName=PX5 Pin=U3_NeoPixel5-4
Added Pin To Net: NetName=5V Pin=U3_NeoPixel6-1
Added Pin To Net: NetName=PX7 Pin=U3_NeoPixel6-2
Added Pin To Net: NetName=VSS Pin=U3_NeoPixel6-3
Added Pin To Net: NetName=PX6 Pin=U3_NeoPixel6-4
Added Pin To Net: NetName=5V Pin=U3_NeoPixel7-1
Added Pin To Net: NetName=PX8 Pin=U3_NeoPixel7-2
Added Pin To Net: NetName=VSS Pin=U3_NeoPixel7-3
Added Pin To Net: NetName=PX7 Pin=U3_NeoPixel7-4
Added Pin To Net: NetName=5V Pin=U3_NeoPixel8-1
Added Pin To Net: NetName=PX9 Pin=U3_NeoPixel8-2
Added Pin To Net: NetName=VSS Pin=U3_NeoPixel8-3
Added Pin To Net: NetName=PX8 Pin=U3_NeoPixel8-4
Added Pin To Net: NetName=5V Pin=U3_NeoPixel9-1
Added Pin To Net: NetName=PX10 Pin=U3_NeoPixel9-2
Added Pin To Net: NetName=VSS Pin=U3_NeoPixel9-3
Added Pin To Net: NetName=PX9 Pin=U3_NeoPixel9-4
Added Pin To Net: NetName=5V Pin=U3_NeoPixel10-1
Added Pin To Net: NetName=PX11 Pin=U3_NeoPixel10-2
Added Pin To Net: NetName=VSS Pin=U3_NeoPixel10-3
Added Pin To Net: NetName=PX10 Pin=U3_NeoPixel10-4
Added Pin To Net: NetName=5V Pin=U3_NeoPixel11-1
Added Pin To Net: NetName=PX12 Pin=U3_NeoPixel11-2
Added Pin To Net: NetName=VSS Pin=U3_NeoPixel11-3
Added Pin To Net: NetName=PX11 Pin=U3_NeoPixel11-4
Added Pin To Net: NetName=5V Pin=U3_NeoPixel12-1
Added Pin To Net: NetName=PX13 Pin=U3_NeoPixel12-2
Added Pin To Net: NetName=VSS Pin=U3_NeoPixel12-3
Added Pin To Net: NetName=PX12 Pin=U3_NeoPixel12-4
Added Pin To Net: NetName=5V Pin=U3_NeoPixel13-1
Added Pin To Net: NetName=PX14 Pin=U3_NeoPixel13-2
Added Pin To Net: NetName=VSS Pin=U3_NeoPixel13-3
Added Pin To Net: NetName=PX13 Pin=U3_NeoPixel13-4
Added Pin To Net: NetName=5V Pin=U3_NeoPixel14-1
Added Pin To Net: NetName=PX15 Pin=U3_NeoPixel14-2
Added Pin To Net: NetName=VSS Pin=U3_NeoPixel14-3
Added Pin To Net: NetName=PX14 Pin=U3_NeoPixel14-4
Added Pin To Net: NetName=5V Pin=U3_NeoPixel15-1
Added Pin To Net: NetName=PX16 Pin=U3_NeoPixel15-2
Added Pin To Net: NetName=VSS Pin=U3_NeoPixel15-3
Added Pin To Net: NetName=PX15 Pin=U3_NeoPixel15-4
Added Pin To Net: NetName=5V Pin=U3_NeoPixel16-1
Added Pin To Net: NetName=PX17 Pin=U3_NeoPixel16-2
Added Pin To Net: NetName=VSS Pin=U3_NeoPixel16-3
Added Pin To Net: NetName=PX16 Pin=U3_NeoPixel16-4
Added Pin To Net: NetName=5V Pin=U3_NeoPixel17-1
Added Pin To Net: NetName=PX18 Pin=U3_NeoPixel17-2
Added Pin To Net: NetName=VSS Pin=U3_NeoPixel17-3
Added Pin To Net: NetName=PX17 Pin=U3_NeoPixel17-4
Added Pin To Net: NetName=5V Pin=U3_NeoPixel18-1
Added Pin To Net: NetName=PX19 Pin=U3_NeoPixel18-2
Added Pin To Net: NetName=VSS Pin=U3_NeoPixel18-3
Added Pin To Net: NetName=PX18 Pin=U3_NeoPixel18-4
Added Pin To Net: NetName=5V Pin=U3_NeoPixel19-1
Added Pin To Net: NetName=PX20 Pin=U3_NeoPixel19-2
Added Pin To Net: NetName=VSS Pin=U3_NeoPixel19-3
Added Pin To Net: NetName=PX19 Pin=U3_NeoPixel19-4
Added Pin To Net: NetName=5V Pin=U3_NeoPixel20-1
Added Pin To Net: NetName=PX21 Pin=U3_NeoPixel20-2
Added Pin To Net: NetName=VSS Pin=U3_NeoPixel20-3
Added Pin To Net: NetName=PX20 Pin=U3_NeoPixel20-4
Added Pin To Net: NetName=5V Pin=U3_NeoPixel21-1
Added Pin To Net: NetName=PX22 Pin=U3_NeoPixel21-2
Added Pin To Net: NetName=VSS Pin=U3_NeoPixel21-3
Added Pin To Net: NetName=PX21 Pin=U3_NeoPixel21-4
Added Pin To Net: NetName=5V Pin=U3_NeoPixel22-1
Added Pin To Net: NetName=PX23 Pin=U3_NeoPixel22-2
Added Pin To Net: NetName=VSS Pin=U3_NeoPixel22-3
Added Pin To Net: NetName=PX22 Pin=U3_NeoPixel22-4
Added Pin To Net: NetName=5V Pin=U3_NeoPixel23-1
Added Pin To Net: NetName=PX24 Pin=U3_NeoPixel23-2
Added Pin To Net: NetName=VSS Pin=U3_NeoPixel23-3
Added Pin To Net: NetName=PX23 Pin=U3_NeoPixel23-4
Added Pin To Net: NetName=5V Pin=U3_NeoPixel24-1
Added Pin To Net: NetName=PX25 Pin=U3_NeoPixel24-2
Added Pin To Net: NetName=VSS Pin=U3_NeoPixel24-3
Added Pin To Net: NetName=PX24 Pin=U3_NeoPixel24-4
Added Pin To Net: NetName=5V Pin=U3_NeoPixel25-1
Added Pin To Net: NetName=PX26 Pin=U3_NeoPixel25-2
Added Pin To Net: NetName=VSS Pin=U3_NeoPixel25-3
Added Pin To Net: NetName=PX25 Pin=U3_NeoPixel25-4
Added Pin To Net: NetName=5V Pin=U3_NeoPixel26-1
Added Pin To Net: NetName=PX27 Pin=U3_NeoPixel26-2
Added Pin To Net: NetName=VSS Pin=U3_NeoPixel26-3
Added Pin To Net: NetName=PX26 Pin=U3_NeoPixel26-4
Added Pin To Net: NetName=5V Pin=U3_NeoPixel27-1
Added Pin To Net: NetName=PX28 Pin=U3_NeoPixel27-2
Added Pin To Net: NetName=VSS Pin=U3_NeoPixel27-3
Added Pin To Net: NetName=PX27 Pin=U3_NeoPixel27-4
Added Pin To Net: NetName=5V Pin=U3_NeoPixel28-1
Added Pin To Net: NetName=PX29 Pin=U3_NeoPixel28-2
Added Pin To Net: NetName=VSS Pin=U3_NeoPixel28-3
Added Pin To Net: NetName=PX28 Pin=U3_NeoPixel28-4
Added Pin To Net: NetName=5V Pin=U3_NeoPixel29-1
Added Pin To Net: NetName=PX30 Pin=U3_NeoPixel29-2
Added Pin To Net: NetName=VSS Pin=U3_NeoPixel29-3
Added Pin To Net: NetName=PX29 Pin=U3_NeoPixel29-4
Added Pin To Net: NetName=5V Pin=U3_NeoPixel30-1
Added Pin To Net: NetName=PX31 Pin=U3_NeoPixel30-2
Added Pin To Net: NetName=VSS Pin=U3_NeoPixel30-3
Added Pin To Net: NetName=PX30 Pin=U3_NeoPixel30-4
Added Pin To Net: NetName=5V Pin=U3_NeoPixel31-1
Added Pin To Net: NetName=PX32 Pin=U3_NeoPixel31-2
Added Pin To Net: NetName=VSS Pin=U3_NeoPixel31-3
Added Pin To Net: NetName=PX31 Pin=U3_NeoPixel31-4
Added Pin To Net: NetName=5V Pin=U3_NeoPixel32-1
Added Pin To Net: NetName=PX33 Pin=U3_NeoPixel32-2
Added Pin To Net: NetName=VSS Pin=U3_NeoPixel32-3
Added Pin To Net: NetName=PX32 Pin=U3_NeoPixel32-4
Added Pin To Net: NetName=5V Pin=U3_NeoPixel33-1
Added Pin To Net: NetName=PX34 Pin=U3_NeoPixel33-2
Added Pin To Net: NetName=VSS Pin=U3_NeoPixel33-3
Added Pin To Net: NetName=PX33 Pin=U3_NeoPixel33-4
Added Pin To Net: NetName=5V Pin=U3_NeoPixel34-1
Added Pin To Net: NetName=PX35 Pin=U3_NeoPixel34-2
Added Pin To Net: NetName=VSS Pin=U3_NeoPixel34-3
Added Pin To Net: NetName=PX34 Pin=U3_NeoPixel34-4
Added Pin To Net: NetName=5V Pin=U3_NeoPixel35-1
Added Pin To Net: NetName=PX36 Pin=U3_NeoPixel35-2
Added Pin To Net: NetName=VSS Pin=U3_NeoPixel35-3
Added Pin To Net: NetName=PX35 Pin=U3_NeoPixel35-4
Added Pin To Net: NetName=5V Pin=U3_NeoPixel36-1
Added Pin To Net: NetName=PX37 Pin=U3_NeoPixel36-2
Added Pin To Net: NetName=VSS Pin=U3_NeoPixel36-3
Added Pin To Net: NetName=PX36 Pin=U3_NeoPixel36-4
Added Pin To Net: NetName=5V Pin=U3_NeoPixel37-1
Added Pin To Net: NetName=PX38 Pin=U3_NeoPixel37-2
Added Pin To Net: NetName=VSS Pin=U3_NeoPixel37-3
Added Pin To Net: NetName=PX37 Pin=U3_NeoPixel37-4
Added Pin To Net: NetName=5V Pin=U3_NeoPixel38-1
Added Pin To Net: NetName=PX39 Pin=U3_NeoPixel38-2
Added Pin To Net: NetName=VSS Pin=U3_NeoPixel38-3
Added Pin To Net: NetName=PX38 Pin=U3_NeoPixel38-4
Added Pin To Net: NetName=5V Pin=U3_NeoPixel39-1
Added Pin To Net: NetName=PX40 Pin=U3_NeoPixel39-2
Added Pin To Net: NetName=VSS Pin=U3_NeoPixel39-3
Added Pin To Net: NetName=PX39 Pin=U3_NeoPixel39-4
Added Pin To Net: NetName=5V Pin=U3_NeoPixel40-1
Added Pin To Net: NetName=PX41 Pin=U3_NeoPixel40-2
Added Pin To Net: NetName=VSS Pin=U3_NeoPixel40-3
Added Pin To Net: NetName=PX40 Pin=U3_NeoPixel40-4
Added Pin To Net: NetName=5V Pin=U3_NeoPixel41-1
Added Pin To Net: NetName=PX42 Pin=U3_NeoPixel41-2
Added Pin To Net: NetName=VSS Pin=U3_NeoPixel41-3
Added Pin To Net: NetName=PX41 Pin=U3_NeoPixel41-4
Added Pin To Net: NetName=5V Pin=U3_NeoPixel42-1
Added Pin To Net: NetName=PX43 Pin=U3_NeoPixel42-2
Added Pin To Net: NetName=VSS Pin=U3_NeoPixel42-3
Added Pin To Net: NetName=PX42 Pin=U3_NeoPixel42-4
Added Pin To Net: NetName=5V Pin=U3_NeoPixel43-1
Added Pin To Net: NetName=PX44 Pin=U3_NeoPixel43-2
Added Pin To Net: NetName=VSS Pin=U3_NeoPixel43-3
Added Pin To Net: NetName=PX43 Pin=U3_NeoPixel43-4
Added Pin To Net: NetName=5V Pin=U3_NeoPixel44-1
Added Pin To Net: NetName=PX45 Pin=U3_NeoPixel44-2
Added Pin To Net: NetName=VSS Pin=U3_NeoPixel44-3
Added Pin To Net: NetName=PX44 Pin=U3_NeoPixel44-4
Added Pin To Net: NetName=5V Pin=U3_NeoPixel45-1
Added Pin To Net: NetName=PX46 Pin=U3_NeoPixel45-2
Added Pin To Net: NetName=VSS Pin=U3_NeoPixel45-3
Added Pin To Net: NetName=PX45 Pin=U3_NeoPixel45-4
Added Pin To Net: NetName=5V Pin=U3_NeoPixel46-1
Added Pin To Net: NetName=PX47 Pin=U3_NeoPixel46-2
Added Pin To Net: NetName=VSS Pin=U3_NeoPixel46-3
Added Pin To Net: NetName=PX46 Pin=U3_NeoPixel46-4
Added Pin To Net: NetName=5V Pin=U3_NeoPixel47-1
Added Pin To Net: NetName=PX48 Pin=U3_NeoPixel47-2
Added Pin To Net: NetName=VSS Pin=U3_NeoPixel47-3
Added Pin To Net: NetName=PX47 Pin=U3_NeoPixel47-4
Added Pin To Net: NetName=5V Pin=U3_NeoPixel48-1
Added Pin To Net: NetName=PX49 Pin=U3_NeoPixel48-2
Added Pin To Net: NetName=VSS Pin=U3_NeoPixel48-3
Added Pin To Net: NetName=PX48 Pin=U3_NeoPixel48-4
Added Pin To Net: NetName=5V Pin=U3_NeoPixel49-1
Added Pin To Net: NetName=PX50 Pin=U3_NeoPixel49-2
Added Pin To Net: NetName=VSS Pin=U3_NeoPixel49-3
Added Pin To Net: NetName=PX49 Pin=U3_NeoPixel49-4
Added Pin To Net: NetName=5V Pin=U3_NeoPixel50-1
Added Pin To Net: NetName=PX51 Pin=U3_NeoPixel50-2
Added Pin To Net: NetName=VSS Pin=U3_NeoPixel50-3
Added Pin To Net: NetName=PX50 Pin=U3_NeoPixel50-4
Added Pin To Net: NetName=5V Pin=U3_NeoPixel51-1
Added Pin To Net: NetName=PX52 Pin=U3_NeoPixel51-2
Added Pin To Net: NetName=VSS Pin=U3_NeoPixel51-3
Added Pin To Net: NetName=PX51 Pin=U3_NeoPixel51-4
Added Pin To Net: NetName=5V Pin=U3_NeoPixel52-1
Added Pin To Net: NetName=PX53 Pin=U3_NeoPixel52-2
Added Pin To Net: NetName=VSS Pin=U3_NeoPixel52-3
Added Pin To Net: NetName=PX52 Pin=U3_NeoPixel52-4
Added Pin To Net: NetName=5V Pin=U3_NeoPixel53-1
Added Pin To Net: NetName=PX54 Pin=U3_NeoPixel53-2
Added Pin To Net: NetName=VSS Pin=U3_NeoPixel53-3
Added Pin To Net: NetName=PX53 Pin=U3_NeoPixel53-4
Added Pin To Net: NetName=5V Pin=U3_NeoPixel54-1
Added Pin To Net: NetName=PX55 Pin=U3_NeoPixel54-2
Added Pin To Net: NetName=VSS Pin=U3_NeoPixel54-3
Added Pin To Net: NetName=PX54 Pin=U3_NeoPixel54-4
Added Pin To Net: NetName=5V Pin=U3_NeoPixel55-1
Added Pin To Net: NetName=PX56 Pin=U3_NeoPixel55-2
Added Pin To Net: NetName=VSS Pin=U3_NeoPixel55-3
Added Pin To Net: NetName=PX55 Pin=U3_NeoPixel55-4
Added Pin To Net: NetName=5V Pin=U3_NeoPixel56-1
Added Pin To Net: NetName=PX57 Pin=U3_NeoPixel56-2
Added Pin To Net: NetName=VSS Pin=U3_NeoPixel56-3
Added Pin To Net: NetName=PX56 Pin=U3_NeoPixel56-4
Added Pin To Net: NetName=5V Pin=U3_NeoPixel57-1
Added Pin To Net: NetName=PX58 Pin=U3_NeoPixel57-2
Added Pin To Net: NetName=VSS Pin=U3_NeoPixel57-3
Added Pin To Net: NetName=PX57 Pin=U3_NeoPixel57-4
Added Pin To Net: NetName=5V Pin=U3_NeoPixel58-1
Added Pin To Net: NetName=PX59 Pin=U3_NeoPixel58-2
Added Pin To Net: NetName=VSS Pin=U3_NeoPixel58-3
Added Pin To Net: NetName=PX58 Pin=U3_NeoPixel58-4
Added Pin To Net: NetName=5V Pin=U3_NeoPixel59-1
Added Pin To Net: NetName=PX60 Pin=U3_NeoPixel59-2
Added Pin To Net: NetName=VSS Pin=U3_NeoPixel59-3
Added Pin To Net: NetName=PX59 Pin=U3_NeoPixel59-4
Added Pin To Net: NetName=5V Pin=U3_NeoPixel60-1
Added Pin To Net: NetName=DOUT Pin=U3_NeoPixel60-2
Added Pin To Net: NetName=VSS Pin=U3_NeoPixel60-3
Added Pin To Net: NetName=PX60 Pin=U3_NeoPixel60-4
Added Pin To Net: NetName=5V Pin=U6-1
Added Pin To Net: NetName=GND Pin=U6-2
Added Pin To Net: NetName=V3P3 Pin=U6-3
Added Pin To Net: NetName=OSCO Pin=Y1-1
Added Pin To Net: NetName=OSCI Pin=Y1-2
Added Pin To Net: NetName=SOSCO Pin=Y2-1
Added Pin To Net: NetName=SOSCI Pin=Y2-2
Added Member To Class: ClassName=RainbowClock Member=Component C1 27pF
Added Member To Class: ClassName=RainbowClock Member=Component C2 27pF
Added Member To Class: ClassName=RainbowClock Member=Component C3 15pF
Added Member To Class: ClassName=RainbowClock Member=Component C4 100nF
Added Member To Class: ClassName=RainbowClock Member=Component C5 100nF
Added Member To Class: ClassName=RainbowClock Member=Component C6 100nF
Added Member To Class: ClassName=RainbowClock Member=Component C7 15pF
Added Member To Class: ClassName=RainbowClock Member=Component C8 1uF
Added Member To Class: ClassName=RainbowClock Member=Component C9 10uF
Added Member To Class: ClassName=NeoPixel1 Member=Component C10_NeoPixel1 (C10) 100nF
Added Member To Class: ClassName=NeoPixel2 Member=Component C10_NeoPixel2 (C10) 100nF
Added Member To Class: ClassName=NeoPixel3 Member=Component C10_NeoPixel3 (C10) 100nF
Added Member To Class: ClassName=NeoPixel4 Member=Component C10_NeoPixel4 (C10) 100nF
Added Member To Class: ClassName=NeoPixel5 Member=Component C10_NeoPixel5 (C10) 100nF
Added Member To Class: ClassName=NeoPixel6 Member=Component C10_NeoPixel6 (C10) 100nF
Added Member To Class: ClassName=NeoPixel7 Member=Component C10_NeoPixel7 (C10) 100nF
Added Member To Class: ClassName=NeoPixel8 Member=Component C10_NeoPixel8 (C10) 100nF
Added Member To Class: ClassName=NeoPixel9 Member=Component C10_NeoPixel9 (C10) 100nF
Added Member To Class: ClassName=NeoPixel10 Member=Component C10_NeoPixel10 (C10) 100nF
Added Member To Class: ClassName=NeoPixel11 Member=Component C10_NeoPixel11 (C10) 100nF
Added Member To Class: ClassName=NeoPixel12 Member=Component C10_NeoPixel12 (C10) 100nF
Added Member To Class: ClassName=NeoPixel13 Member=Component C10_NeoPixel13 (C10) 100nF
Added Member To Class: ClassName=NeoPixel14 Member=Component C10_NeoPixel14 (C10) 100nF
Added Member To Class: ClassName=NeoPixel15 Member=Component C10_NeoPixel15 (C10) 100nF
Added Member To Class: ClassName=NeoPixel16 Member=Component C10_NeoPixel16 (C10) 100nF
Added Member To Class: ClassName=NeoPixel17 Member=Component C10_NeoPixel17 (C10) 100nF
Added Member To Class: ClassName=NeoPixel18 Member=Component C10_NeoPixel18 (C10) 100nF
Added Member To Class: ClassName=NeoPixel19 Member=Component C10_NeoPixel19 (C10) 100nF
Added Member To Class: ClassName=NeoPixel20 Member=Component C10_NeoPixel20 (C10) 100nF
Added Member To Class: ClassName=NeoPixel21 Member=Component C10_NeoPixel21 (C10) 100nF
Added Member To Class: ClassName=NeoPixel22 Member=Component C10_NeoPixel22 (C10) 100nF
Added Member To Class: ClassName=NeoPixel23 Member=Component C10_NeoPixel23 (C10) 100nF
Added Member To Class: ClassName=NeoPixel24 Member=Component C10_NeoPixel24 (C10) 100nF
Added Member To Class: ClassName=NeoPixel25 Member=Component C10_NeoPixel25 (C10) 100nF
Added Member To Class: ClassName=NeoPixel26 Member=Component C10_NeoPixel26 (C10) 100nF
Added Member To Class: ClassName=NeoPixel27 Member=Component C10_NeoPixel27 (C10) 100nF
Added Member To Class: ClassName=NeoPixel28 Member=Component C10_NeoPixel28 (C10) 100nF
Added Member To Class: ClassName=NeoPixel29 Member=Component C10_NeoPixel29 (C10) 100nF
Added Member To Class: ClassName=NeoPixel30 Member=Component C10_NeoPixel30 (C10) 100nF
Added Member To Class: ClassName=NeoPixel31 Member=Component C10_NeoPixel31 (C10) 100nF
Added Member To Class: ClassName=NeoPixel32 Member=Component C10_NeoPixel32 (C10) 100nF
Added Member To Class: ClassName=NeoPixel33 Member=Component C10_NeoPixel33 (C10) 100nF
Added Member To Class: ClassName=NeoPixel34 Member=Component C10_NeoPixel34 (C10) 100nF
Added Member To Class: ClassName=NeoPixel35 Member=Component C10_NeoPixel35 (C10) 100nF
Added Member To Class: ClassName=NeoPixel36 Member=Component C10_NeoPixel36 (C10) 100nF
Added Member To Class: ClassName=NeoPixel37 Member=Component C10_NeoPixel37 (C10) 100nF
Added Member To Class: ClassName=NeoPixel38 Member=Component C10_NeoPixel38 (C10) 100nF
Added Member To Class: ClassName=NeoPixel39 Member=Component C10_NeoPixel39 (C10) 100nF
Added Member To Class: ClassName=NeoPixel40 Member=Component C10_NeoPixel40 (C10) 100nF
Added Member To Class: ClassName=NeoPixel41 Member=Component C10_NeoPixel41 (C10) 100nF
Added Member To Class: ClassName=NeoPixel42 Member=Component C10_NeoPixel42 (C10) 100nF
Added Member To Class: ClassName=NeoPixel43 Member=Component C10_NeoPixel43 (C10) 100nF
Added Member To Class: ClassName=NeoPixel44 Member=Component C10_NeoPixel44 (C10) 100nF
Added Member To Class: ClassName=NeoPixel45 Member=Component C10_NeoPixel45 (C10) 100nF
Added Member To Class: ClassName=NeoPixel46 Member=Component C10_NeoPixel46 (C10) 100nF
Added Member To Class: ClassName=NeoPixel47 Member=Component C10_NeoPixel47 (C10) 100nF
Added Member To Class: ClassName=NeoPixel48 Member=Component C10_NeoPixel48 (C10) 100nF
Added Member To Class: ClassName=NeoPixel49 Member=Component C10_NeoPixel49 (C10) 100nF
Added Member To Class: ClassName=NeoPixel50 Member=Component C10_NeoPixel50 (C10) 100nF
Added Member To Class: ClassName=NeoPixel51 Member=Component C10_NeoPixel51 (C10) 100nF
Added Member To Class: ClassName=NeoPixel52 Member=Component C10_NeoPixel52 (C10) 100nF
Added Member To Class: ClassName=NeoPixel53 Member=Component C10_NeoPixel53 (C10) 100nF
Added Member To Class: ClassName=NeoPixel54 Member=Component C10_NeoPixel54 (C10) 100nF
Added Member To Class: ClassName=NeoPixel55 Member=Component C10_NeoPixel55 (C10) 100nF
Added Member To Class: ClassName=NeoPixel56 Member=Component C10_NeoPixel56 (C10) 100nF
Added Member To Class: ClassName=NeoPixel57 Member=Component C10_NeoPixel57 (C10) 100nF
Added Member To Class: ClassName=NeoPixel58 Member=Component C10_NeoPixel58 (C10) 100nF
Added Member To Class: ClassName=NeoPixel59 Member=Component C10_NeoPixel59 (C10) 100nF
Added Member To Class: ClassName=NeoPixel60 Member=Component C10_NeoPixel60 (C10) 100nF
Added Member To Class: ClassName=POWER Member=Component C11 0.47uF
Added Member To Class: ClassName=POWER Member=Component C12 22uF
Added Member To Class: ClassName=POWER Member=Component J2 PWR2.5
Added Member To Class: ClassName=POWER Member=Component L1 1K
Added Member To Class: ClassName=RainbowClock Member=Component LDR1 LDR
Added Member To Class: ClassName=LCD Member=Component P1 Header 16
Added Member To Class: ClassName=BLUETOOTH Member=Component P2 Header 6
Added Member To Class: ClassName=TEMPERATURE Member=Component P3 Header 6
Added Member To Class: ClassName=RainbowClock Member=Component R1 1K
Added Member To Class: ClassName=RainbowClock Member=Component R2 1K
Added Member To Class: ClassName=RainbowClock Member=Component R3 3306P-1-203
Added Member To Class: ClassName=RainbowClock Member=Component R4 4.7K
Added Member To Class: ClassName=RainbowClock Member=Component R5 4.7K
Added Member To Class: ClassName=RainbowClock Member=Component R6 4.7K
Added Member To Class: ClassName=LCD Member=Component R7 3306P-1-203
Added Member To Class: ClassName=TEMPERATURE Member=Component R8 1K
Added Member To Class: ClassName=TEMPERATURE Member=Component R9 1K
Added Member To Class: ClassName=RainbowClock Member=Component S1 EC11B152420G-STEC11B01
Added Member To Class: ClassName=RainbowClock Member=Component S2 SW-PB
Added Member To Class: ClassName=RainbowClock Member=Component S3 SW-PB
Added Member To Class: ClassName=RainbowClock Member=Component U1 PIC32MX110F016D-I/PT
Added Member To Class: ClassName=NeoPixel1 Member=Component U3_NeoPixel1 (U3) WS2012B
Added Member To Class: ClassName=NeoPixel2 Member=Component U3_NeoPixel2 (U3) WS2012B
Added Member To Class: ClassName=NeoPixel3 Member=Component U3_NeoPixel3 (U3) WS2012B
Added Member To Class: ClassName=NeoPixel4 Member=Component U3_NeoPixel4 (U3) WS2012B
Added Member To Class: ClassName=NeoPixel5 Member=Component U3_NeoPixel5 (U3) WS2012B
Added Member To Class: ClassName=NeoPixel6 Member=Component U3_NeoPixel6 (U3) WS2012B
Added Member To Class: ClassName=NeoPixel7 Member=Component U3_NeoPixel7 (U3) WS2012B
Added Member To Class: ClassName=NeoPixel8 Member=Component U3_NeoPixel8 (U3) WS2012B
Added Member To Class: ClassName=NeoPixel9 Member=Component U3_NeoPixel9 (U3) WS2012B
Added Member To Class: ClassName=NeoPixel10 Member=Component U3_NeoPixel10 (U3) WS2012B
Added Member To Class: ClassName=NeoPixel11 Member=Component U3_NeoPixel11 (U3) WS2012B
Added Member To Class: ClassName=NeoPixel12 Member=Component U3_NeoPixel12 (U3) WS2012B
Added Member To Class: ClassName=NeoPixel13 Member=Component U3_NeoPixel13 (U3) WS2012B
Added Member To Class: ClassName=NeoPixel14 Member=Component U3_NeoPixel14 (U3) WS2012B
Added Member To Class: ClassName=NeoPixel15 Member=Component U3_NeoPixel15 (U3) WS2012B
Added Member To Class: ClassName=NeoPixel16 Member=Component U3_NeoPixel16 (U3) WS2012B
Added Member To Class: ClassName=NeoPixel17 Member=Component U3_NeoPixel17 (U3) WS2012B
Added Member To Class: ClassName=NeoPixel18 Member=Component U3_NeoPixel18 (U3) WS2012B
Added Member To Class: ClassName=NeoPixel19 Member=Component U3_NeoPixel19 (U3) WS2012B
Added Member To Class: ClassName=NeoPixel20 Member=Component U3_NeoPixel20 (U3) WS2012B
Added Member To Class: ClassName=NeoPixel21 Member=Component U3_NeoPixel21 (U3) WS2012B
Added Member To Class: ClassName=NeoPixel22 Member=Component U3_NeoPixel22 (U3) WS2012B
Added Member To Class: ClassName=NeoPixel23 Member=Component U3_NeoPixel23 (U3) WS2012B
Added Member To Class: ClassName=NeoPixel24 Member=Component U3_NeoPixel24 (U3) WS2012B
Added Member To Class: ClassName=NeoPixel25 Member=Component U3_NeoPixel25 (U3) WS2012B
Added Member To Class: ClassName=NeoPixel26 Member=Component U3_NeoPixel26 (U3) WS2012B
Added Member To Class: ClassName=NeoPixel27 Member=Component U3_NeoPixel27 (U3) WS2012B
Added Member To Class: ClassName=NeoPixel28 Member=Component U3_NeoPixel28 (U3) WS2012B
Added Member To Class: ClassName=NeoPixel29 Member=Component U3_NeoPixel29 (U3) WS2012B
Added Member To Class: ClassName=NeoPixel30 Member=Component U3_NeoPixel30 (U3) WS2012B
Added Member To Class: ClassName=NeoPixel31 Member=Component U3_NeoPixel31 (U3) WS2012B
Added Member To Class: ClassName=NeoPixel32 Member=Component U3_NeoPixel32 (U3) WS2012B
Added Member To Class: ClassName=NeoPixel33 Member=Component U3_NeoPixel33 (U3) WS2012B
Added Member To Class: ClassName=NeoPixel34 Member=Component U3_NeoPixel34 (U3) WS2012B
Added Member To Class: ClassName=NeoPixel35 Member=Component U3_NeoPixel35 (U3) WS2012B
Added Member To Class: ClassName=NeoPixel36 Member=Component U3_NeoPixel36 (U3) WS2012B
Added Member To Class: ClassName=NeoPixel37 Member=Component U3_NeoPixel37 (U3) WS2012B
Added Member To Class: ClassName=NeoPixel38 Member=Component U3_NeoPixel38 (U3) WS2012B
Added Member To Class: ClassName=NeoPixel39 Member=Component U3_NeoPixel39 (U3) WS2012B
Added Member To Class: ClassName=NeoPixel40 Member=Component U3_NeoPixel40 (U3) WS2012B
Added Member To Class: ClassName=NeoPixel41 Member=Component U3_NeoPixel41 (U3) WS2012B
Added Member To Class: ClassName=NeoPixel42 Member=Component U3_NeoPixel42 (U3) WS2012B
Added Member To Class: ClassName=NeoPixel43 Member=Component U3_NeoPixel43 (U3) WS2012B
Added Member To Class: ClassName=NeoPixel44 Member=Component U3_NeoPixel44 (U3) WS2012B
Added Member To Class: ClassName=NeoPixel45 Member=Component U3_NeoPixel45 (U3) WS2012B
Added Member To Class: ClassName=NeoPixel46 Member=Component U3_NeoPixel46 (U3) WS2012B
Added Member To Class: ClassName=NeoPixel47 Member=Component U3_NeoPixel47 (U3) WS2012B
Added Member To Class: ClassName=NeoPixel48 Member=Component U3_NeoPixel48 (U3) WS2012B
Added Member To Class: ClassName=NeoPixel49 Member=Component U3_NeoPixel49 (U3) WS2012B
Added Member To Class: ClassName=NeoPixel50 Member=Component U3_NeoPixel50 (U3) WS2012B
Added Member To Class: ClassName=NeoPixel51 Member=Component U3_NeoPixel51 (U3) WS2012B
Added Member To Class: ClassName=NeoPixel52 Member=Component U3_NeoPixel52 (U3) WS2012B
Added Member To Class: ClassName=NeoPixel53 Member=Component U3_NeoPixel53 (U3) WS2012B
Added Member To Class: ClassName=NeoPixel54 Member=Component U3_NeoPixel54 (U3) WS2012B
Added Member To Class: ClassName=NeoPixel55 Member=Component U3_NeoPixel55 (U3) WS2012B
Added Member To Class: ClassName=NeoPixel56 Member=Component U3_NeoPixel56 (U3) WS2012B
Added Member To Class: ClassName=NeoPixel57 Member=Component U3_NeoPixel57 (U3) WS2012B
Added Member To Class: ClassName=NeoPixel58 Member=Component U3_NeoPixel58 (U3) WS2012B
Added Member To Class: ClassName=NeoPixel59 Member=Component U3_NeoPixel59 (U3) WS2012B
Added Member To Class: ClassName=NeoPixel60 Member=Component U3_NeoPixel60 (U3) WS2012B
Added Member To Class: ClassName=POWER Member=Component U6 TS2940CP-3.3 C5
Added Member To Class: ClassName=RainbowClock Member=Component Y1 8MHz XTAL
Added Member To Class: ClassName=RainbowClock Member=Component Y2 32kHz XTAL
