Removed Parameter ComponentLink1Description:Manufacturer Link from Part J?
Removed Parameter ComponentLink1URL:http://domino.kycon.com/internet/Products.html from Part J?
Removed Parameter DatasheetDocument:09-May-2002 from Part J?
Removed Parameter LatestRevisionDate:29-May-2009 from Part C?
Removed Parameter LatestRevisionDate:29-May-2009 from Part C?
Removed Parameter LatestRevisionDate:29-May-2009 from Part VR0
Removed Parameter LatestRevisionNote:IPC-7351 Footprint Added. from Part C?
Removed Parameter LatestRevisionNote:IPC-7351 Footprint Added. from Part C?
Removed Parameter LatestRevisionNote:IPC-7351 Footprint Added. from Part VR0
Removed Parameter PackageDescription:3-Pin Transistor Outline Package 2.54 mm Pitch, 15.1 mm Lead Span from Part VR0
Removed Parameter PackageDescription:Chip Capacitor from Part C?
Removed Parameter PackageDescription:Chip Capacitor from Part C?
Removed Parameter PackageReference:C1206 from Part C?
Removed Parameter PackageReference:C1206 from Part C?
Removed Parameter PackageReference:D2PAK from Part VR0
Removed Parameter Published:8-Jun-2000 from Part C?
Removed Parameter Published:8-Jun-2000 from Part C?
Removed Parameter Published:17-Dec-2003 from Part J?
Removed Parameter Published:24-Mar-1999 from Part VR0
Removed Parameter Publisher:Altium Limited from Part C?
Removed Parameter Publisher:Altium Limited from Part C?
Removed Parameter Publisher:Altium Limited from Part J?
Removed Parameter Publisher:Altium Limited from Part VR0
Added Parameter Fabricant=MULTICOMP to Part J?
Added Parameter Fournisseur=Farnell to Part J?
Added Parameter RefFabricant=MJ-179PH to Part J?
Added Parameter RefFournisseur=1737246 to Part J?
