Removed Parameter C: from Implementation SIM XTAL
Removed Parameter C: from Implementation SIM XTAL
Removed Parameter Created:1/08/1993 from Implementation PCBLIB RAD-0.3
Removed Parameter Created:1/08/1993 from Implementation PCBLIB RAD-0.3
Removed Parameter Created:1/08/1993 from Implementation PCBLIB RAD-0.3
Removed Parameter Created:1/08/1993 from Implementation PCBLIB RAD-0.3
Removed Parameter Created:1/08/1993 from Implementation PCBLIB RAD-0.3
Removed Parameter Created:1/08/1993 from Implementation PCBLIB RAD-0.3
Removed Parameter Created:1/08/1993 from Implementation PCBLIB RAD-0.3
Removed Parameter Created:1/08/1993 from Implementation PCBLIB RAD-0.3
Removed Parameter Created:1/08/1993 from Implementation PCBLIB RAD-0.3
Removed Parameter Created:1/08/1993 from Implementation PCBLIB AXIAL-0.3
Removed Parameter Created:1/08/1993 from Implementation PCBLIB AXIAL-0.3
Removed Parameter Created:1/08/1993 from Implementation PCBLIB AXIAL-0.3
Removed Parameter Created:1/08/1993 from Implementation PCBLIB AXIAL-0.3
Removed Parameter Created:1/08/1993 from Implementation PCBLIB AXIAL-0.3
Removed Parameter Created:21/05/2002 from Implementation PCBLIB SPST-2
Removed Parameter Created:21/05/2002 from Implementation PCBLIB SPST-2
Removed Parameter FREQ: from Implementation SIM XTAL
Removed Parameter FREQ: from Implementation SIM XTAL
Removed Parameter Initial Voltage: from Implementation SIM CAP
Removed Parameter Initial Voltage: from Implementation SIM CAP
Removed Parameter Initial Voltage: from Implementation SIM CAP
Removed Parameter Initial Voltage: from Implementation SIM CAP
Removed Parameter Initial Voltage: from Implementation SIM CAP
Removed Parameter Initial Voltage: from Implementation SIM CAP
Removed Parameter Initial Voltage: from Implementation SIM CAP
Removed Parameter Initial Voltage: from Implementation SIM CAP
Removed Parameter Initial Voltage: from Implementation SIM CAP
Removed Parameter Kind:General from Implementation SIM CAP
Removed Parameter Kind:General from Implementation SIM CAP
Removed Parameter Kind:General from Implementation SIM CAP
Removed Parameter Kind:General from Implementation SIM CAP
Removed Parameter Kind:General from Implementation SIM CAP
Removed Parameter Kind:General from Implementation SIM CAP
Removed Parameter Kind:General from Implementation SIM CAP
Removed Parameter Kind:General from Implementation SIM CAP
Removed Parameter Kind:General from Implementation SIM CAP
Removed Parameter Kind:General from Implementation SIM RESISTOR
Removed Parameter Kind:General from Implementation SIM RESISTOR
Removed Parameter Kind:General from Implementation SIM RESISTOR
Removed Parameter Kind:General from Implementation SIM RESISTOR
Removed Parameter Kind:General from Implementation SIM RESISTOR
Removed Parameter Kind:General from Implementation SIM XTAL
Removed Parameter Kind:General from Implementation SIM XTAL
Removed Parameter LatestRevisionDate:17-Jul-2002 from Part C1
Removed Parameter LatestRevisionDate:17-Jul-2002 from Part C2
Removed Parameter LatestRevisionDate:17-Jul-2002 from Part C3
Removed Parameter LatestRevisionDate:17-Jul-2002 from Part C4
Removed Parameter LatestRevisionDate:17-Jul-2002 from Part C5
Removed Parameter LatestRevisionDate:17-Jul-2002 from Part C6
Removed Parameter LatestRevisionDate:17-Jul-2002 from Part C7
Removed Parameter LatestRevisionDate:17-Jul-2002 from Part C8
Removed Parameter LatestRevisionDate:17-Jul-2002 from Part C9
Removed Parameter LatestRevisionDate:17-Jul-2002 from Part R2
Removed Parameter LatestRevisionDate:17-Jul-2002 from Part R3
Removed Parameter LatestRevisionDate:17-Jul-2002 from Part R4
Removed Parameter LatestRevisionDate:17-Jul-2002 from Part R5
Removed Parameter LatestRevisionDate:17-Jul-2002 from Part R6
Removed Parameter LatestRevisionDate:17-Jul-2002 from Part S2
Removed Parameter LatestRevisionDate:17-Jul-2002 from Part S3
Removed Parameter LatestRevisionDate:17-Jul-2002 from Part Y1
Removed Parameter LatestRevisionDate:17-Jul-2002 from Part Y2
Removed Parameter LatestRevisionNote:Re-released for DXP Platform. from Part C1
Removed Parameter LatestRevisionNote:Re-released for DXP Platform. from Part C2
Removed Parameter LatestRevisionNote:Re-released for DXP Platform. from Part C3
Removed Parameter LatestRevisionNote:Re-released for DXP Platform. from Part C4
Removed Parameter LatestRevisionNote:Re-released for DXP Platform. from Part C5
Removed Parameter LatestRevisionNote:Re-released for DXP Platform. from Part C6
Removed Parameter LatestRevisionNote:Re-released for DXP Platform. from Part C7
Removed Parameter LatestRevisionNote:Re-released for DXP Platform. from Part C8
Removed Parameter LatestRevisionNote:Re-released for DXP Platform. from Part C9
Removed Parameter LatestRevisionNote:Re-released for DXP Platform. from Part R2
Removed Parameter LatestRevisionNote:Re-released for DXP Platform. from Part R3
Removed Parameter LatestRevisionNote:Re-released for DXP Platform. from Part R4
Removed Parameter LatestRevisionNote:Re-released for DXP Platform. from Part R5
Removed Parameter LatestRevisionNote:Re-released for DXP Platform. from Part R6
Removed Parameter LatestRevisionNote:Re-released for DXP Platform. from Part S2
Removed Parameter LatestRevisionNote:Re-released for DXP Platform. from Part S3
Removed Parameter LatestRevisionNote:Re-released for DXP Platform. from Part Y1
Removed Parameter LatestRevisionNote:Re-released for DXP Platform. from Part Y2
Removed Parameter Netlist:@DESIGNATOR %1 %2 @MODEL #|PARAMS:| ?FREQ|FREQ=@FREQ| ?RS|RS=@RS| ?C|C=@C| ?Q|Q=@Q| from Implementation SIM XTAL
Removed Parameter Netlist:@DESIGNATOR %1 %2 @MODEL #|PARAMS:| ?FREQ|FREQ=@FREQ| ?RS|RS=@RS| ?C|C=@C| ?Q|Q=@Q| from Implementation SIM XTAL
Removed Parameter Netlist:@DESIGNATOR %1 %2 @VALUE ?"INITIAL VOLTAGE"|IC=@"INITIAL VOLTAGE"| from Implementation SIM CAP
Removed Parameter Netlist:@DESIGNATOR %1 %2 @VALUE ?"INITIAL VOLTAGE"|IC=@"INITIAL VOLTAGE"| from Implementation SIM CAP
Removed Parameter Netlist:@DESIGNATOR %1 %2 @VALUE ?"INITIAL VOLTAGE"|IC=@"INITIAL VOLTAGE"| from Implementation SIM CAP
Removed Parameter Netlist:@DESIGNATOR %1 %2 @VALUE ?"INITIAL VOLTAGE"|IC=@"INITIAL VOLTAGE"| from Implementation SIM CAP
Removed Parameter Netlist:@DESIGNATOR %1 %2 @VALUE ?"INITIAL VOLTAGE"|IC=@"INITIAL VOLTAGE"| from Implementation SIM CAP
Removed Parameter Netlist:@DESIGNATOR %1 %2 @VALUE ?"INITIAL VOLTAGE"|IC=@"INITIAL VOLTAGE"| from Implementation SIM CAP
Removed Parameter Netlist:@DESIGNATOR %1 %2 @VALUE ?"INITIAL VOLTAGE"|IC=@"INITIAL VOLTAGE"| from Implementation SIM CAP
Removed Parameter Netlist:@DESIGNATOR %1 %2 @VALUE ?"INITIAL VOLTAGE"|IC=@"INITIAL VOLTAGE"| from Implementation SIM CAP
Removed Parameter Netlist:@DESIGNATOR %1 %2 @VALUE ?"INITIAL VOLTAGE"|IC=@"INITIAL VOLTAGE"| from Implementation SIM CAP
Removed Parameter Netlist:@DESIGNATOR %1 %2 @VALUE from Implementation SIM RESISTOR
Removed Parameter Netlist:@DESIGNATOR %1 %2 @VALUE from Implementation SIM RESISTOR
Removed Parameter Netlist:@DESIGNATOR %1 %2 @VALUE from Implementation SIM RESISTOR
Removed Parameter Netlist:@DESIGNATOR %1 %2 @VALUE from Implementation SIM RESISTOR
Removed Parameter Netlist:@DESIGNATOR %1 %2 @VALUE from Implementation SIM RESISTOR
Removed Parameter PackageDescription:Axial Device, Thru-Hole; 2 Leads; 0.3 in Pin Spacing from Part R2
Removed Parameter PackageDescription:Axial Device, Thru-Hole; 2 Leads; 0.3 in Pin Spacing from Part R3
Removed Parameter PackageDescription:Axial Device, Thru-Hole; 2 Leads; 0.3 in Pin Spacing from Part R4
Removed Parameter PackageDescription:Axial Device, Thru-Hole; 2 Leads; 0.3 in Pin Spacing from Part R5
Removed Parameter PackageDescription:Axial Device, Thru-Hole; 2 Leads; 0.3 in Pin Spacing from Part R6
Removed Parameter PackageDescription:Crystal, Thru-Hole; 2 Leads; Body 3.1 x 8.2 mm (Dia.xH) from Part Y1
Removed Parameter PackageDescription:Crystal, Thru-Hole; 2 Leads; Body 3.1 x 8.2 mm (Dia.xH) from Part Y2
Removed Parameter PackageDescription:Radial Cap, Thru-Hole; 2 Leads; 0.3 in Pin Spacing from Part C1
Removed Parameter PackageDescription:Radial Cap, Thru-Hole; 2 Leads; 0.3 in Pin Spacing from Part C2
Removed Parameter PackageDescription:Radial Cap, Thru-Hole; 2 Leads; 0.3 in Pin Spacing from Part C3
Removed Parameter PackageDescription:Radial Cap, Thru-Hole; 2 Leads; 0.3 in Pin Spacing from Part C4
Removed Parameter PackageDescription:Radial Cap, Thru-Hole; 2 Leads; 0.3 in Pin Spacing from Part C5
Removed Parameter PackageDescription:Radial Cap, Thru-Hole; 2 Leads; 0.3 in Pin Spacing from Part C6
Removed Parameter PackageDescription:Radial Cap, Thru-Hole; 2 Leads; 0.3 in Pin Spacing from Part C7
Removed Parameter PackageDescription:Radial Cap, Thru-Hole; 2 Leads; 0.3 in Pin Spacing from Part C8
Removed Parameter PackageDescription:Radial Cap, Thru-Hole; 2 Leads; 0.3 in Pin Spacing from Part C9
Removed Parameter PackageDescription:Switch; 2 Leads from Part S2
Removed Parameter PackageDescription:Switch; 2 Leads from Part S3
Removed Parameter PackageReference:AXIAL-0.3 from Part R2
Removed Parameter PackageReference:AXIAL-0.3 from Part R3
Removed Parameter PackageReference:AXIAL-0.3 from Part R4
Removed Parameter PackageReference:AXIAL-0.3 from Part R5
Removed Parameter PackageReference:AXIAL-0.3 from Part R6
Removed Parameter PackageReference:R38 from Part Y1
Removed Parameter PackageReference:R38 from Part Y2
Removed Parameter PackageReference:RAD-0.3 from Part C1
Removed Parameter PackageReference:RAD-0.3 from Part C2
Removed Parameter PackageReference:RAD-0.3 from Part C3
Removed Parameter PackageReference:RAD-0.3 from Part C4
Removed Parameter PackageReference:RAD-0.3 from Part C5
Removed Parameter PackageReference:RAD-0.3 from Part C6
Removed Parameter PackageReference:RAD-0.3 from Part C7
Removed Parameter PackageReference:RAD-0.3 from Part C8
Removed Parameter PackageReference:RAD-0.3 from Part C9
Removed Parameter PackageReference:SPST-2 from Part S2
Removed Parameter PackageReference:SPST-2 from Part S3
Removed Parameter Published:8-Jun-2000 from Part C1
Removed Parameter Published:8-Jun-2000 from Part C2
Removed Parameter Published:8-Jun-2000 from Part C3
Removed Parameter Published:8-Jun-2000 from Part C4
Removed Parameter Published:8-Jun-2000 from Part C5
Removed Parameter Published:8-Jun-2000 from Part C6
Removed Parameter Published:8-Jun-2000 from Part C7
Removed Parameter Published:8-Jun-2000 from Part C8
Removed Parameter Published:8-Jun-2000 from Part C9
Removed Parameter Published:8-Jun-2000 from Part R2
Removed Parameter Published:8-Jun-2000 from Part R3
Removed Parameter Published:8-Jun-2000 from Part R4
Removed Parameter Published:8-Jun-2000 from Part R5
Removed Parameter Published:8-Jun-2000 from Part R6
Removed Parameter Published:8-Jun-2000 from Part Y1
Removed Parameter Published:8-Jun-2000 from Part Y2
Removed Parameter Published:24-Mar-1999 from Part S2
Removed Parameter Published:24-Mar-1999 from Part S3
Removed Parameter Publisher:Altium Limited from Part C1
Removed Parameter Publisher:Altium Limited from Part C2
Removed Parameter Publisher:Altium Limited from Part C3
Removed Parameter Publisher:Altium Limited from Part C4
Removed Parameter Publisher:Altium Limited from Part C5
Removed Parameter Publisher:Altium Limited from Part C6
Removed Parameter Publisher:Altium Limited from Part C7
Removed Parameter Publisher:Altium Limited from Part C8
Removed Parameter Publisher:Altium Limited from Part C9
Removed Parameter Publisher:Altium Limited from Part R2
Removed Parameter Publisher:Altium Limited from Part R3
Removed Parameter Publisher:Altium Limited from Part R4
Removed Parameter Publisher:Altium Limited from Part R5
Removed Parameter Publisher:Altium Limited from Part R6
Removed Parameter Publisher:Altium Limited from Part S2
Removed Parameter Publisher:Altium Limited from Part S3
Removed Parameter Publisher:Altium Limited from Part Y1
Removed Parameter Publisher:Altium Limited from Part Y2
Removed Parameter Q: from Implementation SIM XTAL
Removed Parameter Q: from Implementation SIM XTAL
Removed Parameter RS: from Implementation SIM XTAL
Removed Parameter RS: from Implementation SIM XTAL
Removed Parameter Spice Prefix:C from Implementation SIM CAP
Removed Parameter Spice Prefix:C from Implementation SIM CAP
Removed Parameter Spice Prefix:C from Implementation SIM CAP
Removed Parameter Spice Prefix:C from Implementation SIM CAP
Removed Parameter Spice Prefix:C from Implementation SIM CAP
Removed Parameter Spice Prefix:C from Implementation SIM CAP
Removed Parameter Spice Prefix:C from Implementation SIM CAP
Removed Parameter Spice Prefix:C from Implementation SIM CAP
Removed Parameter Spice Prefix:C from Implementation SIM CAP
Removed Parameter Spice Prefix:R from Implementation SIM RESISTOR
Removed Parameter Spice Prefix:R from Implementation SIM RESISTOR
Removed Parameter Spice Prefix:R from Implementation SIM RESISTOR
Removed Parameter Spice Prefix:R from Implementation SIM RESISTOR
Removed Parameter Spice Prefix:R from Implementation SIM RESISTOR
Removed Parameter Spice Prefix:X from Implementation SIM XTAL
Removed Parameter Spice Prefix:X from Implementation SIM XTAL
Removed Parameter SubKind:Capacitor from Implementation SIM CAP
Removed Parameter SubKind:Capacitor from Implementation SIM CAP
Removed Parameter SubKind:Capacitor from Implementation SIM CAP
Removed Parameter SubKind:Capacitor from Implementation SIM CAP
Removed Parameter SubKind:Capacitor from Implementation SIM CAP
Removed Parameter SubKind:Capacitor from Implementation SIM CAP
Removed Parameter SubKind:Capacitor from Implementation SIM CAP
Removed Parameter SubKind:Capacitor from Implementation SIM CAP
Removed Parameter SubKind:Capacitor from Implementation SIM CAP
Removed Parameter SubKind: from Implementation SIM XTAL
Removed Parameter SubKind: from Implementation SIM XTAL
Removed Parameter SubKind:Resistor from Implementation SIM RESISTOR
Removed Parameter SubKind:Resistor from Implementation SIM RESISTOR
Removed Parameter SubKind:Resistor from Implementation SIM RESISTOR
Removed Parameter SubKind:Resistor from Implementation SIM RESISTOR
Removed Parameter SubKind:Resistor from Implementation SIM RESISTOR
Removed Parameter Tech: from Implementation SI Cap
Removed Parameter Tech: from Implementation SI Cap
Removed Parameter Tech: from Implementation SI Cap
Removed Parameter Tech: from Implementation SI Cap
Removed Parameter Tech: from Implementation SI Cap
Removed Parameter Tech: from Implementation SI Cap
Removed Parameter Tech: from Implementation SI Cap
Removed Parameter Tech: from Implementation SI Cap
Removed Parameter Tech: from Implementation SI Cap
Removed Parameter Tech: from Implementation SI Res
Removed Parameter Tech: from Implementation SI Res
Removed Parameter Tech: from Implementation SI Res
Removed Parameter Tech: from Implementation SI Res
Removed Parameter Tech: from Implementation SI Res
Removed Parameter Type:Capacitor from Implementation SI Cap
Removed Parameter Type:Capacitor from Implementation SI Cap
Removed Parameter Type:Capacitor from Implementation SI Cap
Removed Parameter Type:Capacitor from Implementation SI Cap
Removed Parameter Type:Capacitor from Implementation SI Cap
Removed Parameter Type:Capacitor from Implementation SI Cap
Removed Parameter Type:Capacitor from Implementation SI Cap
Removed Parameter Type:Capacitor from Implementation SI Cap
Removed Parameter Type:Capacitor from Implementation SI Cap
Removed Parameter Type:Resistor from Implementation SI Res
Removed Parameter Type:Resistor from Implementation SI Res
Removed Parameter Type:Resistor from Implementation SI Res
Removed Parameter Type:Resistor from Implementation SI Res
Removed Parameter Type:Resistor from Implementation SI Res
