Replace Part C1 Cap in C:\Users\bocal\Desktop\vchesnea\RainbowClock\Project\Shematics\RainbowClock.SchDoc with Cap from Miscellaneous Devices.IntLib
Replace Part C2 Cap in C:\Users\bocal\Desktop\vchesnea\RainbowClock\Project\Shematics\RainbowClock.SchDoc with Cap from Miscellaneous Devices.IntLib
Replace Part C3 Cap in C:\Users\bocal\Desktop\vchesnea\RainbowClock\Project\Shematics\RainbowClock.SchDoc with Cap from Miscellaneous Devices.IntLib
Replace Part C4 Cap in C:\Users\bocal\Desktop\vchesnea\RainbowClock\Project\Shematics\RainbowClock.SchDoc with Cap from Miscellaneous Devices.IntLib
Replace Part C5 Cap in C:\Users\bocal\Desktop\vchesnea\RainbowClock\Project\Shematics\RainbowClock.SchDoc with Cap from Miscellaneous Devices.IntLib
Replace Part C6 Cap in C:\Users\bocal\Desktop\vchesnea\RainbowClock\Project\Shematics\RainbowClock.SchDoc with Cap from Miscellaneous Devices.IntLib
Replace Part C7 Cap in C:\Users\bocal\Desktop\vchesnea\RainbowClock\Project\Shematics\RainbowClock.SchDoc with Cap from Miscellaneous Devices.IntLib
Replace Part C8 Cap in C:\Users\bocal\Desktop\vchesnea\RainbowClock\Project\Shematics\RainbowClock.SchDoc with Cap from Miscellaneous Devices.IntLib
Replace Part C9 Cap in C:\Users\bocal\Desktop\vchesnea\RainbowClock\Project\Shematics\RainbowClock.SchDoc with Cap from Miscellaneous Devices.IntLib
Replace Part J1 1-215876-3 in C:\Users\bocal\Desktop\vchesnea\RainbowClock\Project\Shematics\RainbowClock.SchDoc with 1-215876-3 from Components.SchLib
Replace Part LDR1 LDR in C:\Users\bocal\Desktop\vchesnea\RainbowClock\Project\Shematics\RainbowClock.SchDoc with LDR from Components.SchLib
Replace Part R1 3306P-1-202 in C:\Users\bocal\Desktop\vchesnea\RainbowClock\Project\Shematics\RainbowClock.SchDoc with 3306P-1-202 from Components.SchLib
Replace Part R2 Res1 in C:\Users\bocal\Desktop\vchesnea\RainbowClock\Project\Shematics\RainbowClock.SchDoc with Res1 from Miscellaneous Devices.IntLib
Replace Part R3 Res1 in C:\Users\bocal\Desktop\vchesnea\RainbowClock\Project\Shematics\RainbowClock.SchDoc with Res1 from Miscellaneous Devices.IntLib
Replace Part R4 Res1 in C:\Users\bocal\Desktop\vchesnea\RainbowClock\Project\Shematics\RainbowClock.SchDoc with Res1 from Miscellaneous Devices.IntLib
Replace Part R5 Res1 in C:\Users\bocal\Desktop\vchesnea\RainbowClock\Project\Shematics\RainbowClock.SchDoc with Res1 from Miscellaneous Devices.IntLib
Replace Part R6 Res1 in C:\Users\bocal\Desktop\vchesnea\RainbowClock\Project\Shematics\RainbowClock.SchDoc with Res1 from Miscellaneous Devices.IntLib
Replace Part S1 EC11B152420G-STEC11B01 in C:\Users\bocal\Desktop\vchesnea\RainbowClock\Project\Shematics\RainbowClock.SchDoc with EC11B152420G-STEC11B01 from Components.SchLib
Replace Part S2 SW-PB in C:\Users\bocal\Desktop\vchesnea\RainbowClock\Project\Shematics\RainbowClock.SchDoc with SW-PB from Miscellaneous Devices.IntLib
Replace Part S3 SW-PB in C:\Users\bocal\Desktop\vchesnea\RainbowClock\Project\Shematics\RainbowClock.SchDoc with SW-PB from Miscellaneous Devices.IntLib
Replace Part U1 PIC32MX110F016D-I/PT in C:\Users\bocal\Desktop\vchesnea\RainbowClock\Project\Shematics\RainbowClock.SchDoc with PIC32MX110F016D-I/PT from Components.SchLib
Replace Part Y1 XTAL in C:\Users\bocal\Desktop\vchesnea\RainbowClock\Project\Shematics\RainbowClock.SchDoc with XTAL from Miscellaneous Devices.IntLib
Replace Part Y2 XTAL in C:\Users\bocal\Desktop\vchesnea\RainbowClock\Project\Shematics\RainbowClock.SchDoc with XTAL from Miscellaneous Devices.IntLib
